2023.10.22 13:35:45 INFO  Started: Metals version 1.1.0 in folders 'C:\Users\alext\dotsandboxes-main, C:\Users\alext\dotsandboxes-webapp' for client Visual Studio Code 1.83.1.
2023.10.22 13:35:47 INFO  Attempting to connect to the build server...
2023.10.22 13:35:47 INFO  Bloop uses C:\jdk-17.0.1 defined at C:\Users\alext\.bloop\bloop.json
2023.10.22 13:35:47 INFO  skipping build import with status 'Installed'
2023.10.22 13:35:48 INFO  tracing is disabled for protocol BSP, to enable tracing of incoming and outgoing JSON messages create an empty file at C:\Users\alext\dotsandboxes-main\.metals\bsp.trace.json or C:\Users\alext\AppData\Local\scalameta\metals\cache\bsp.trace.json
2023.10.22 13:35:48 INFO  Attempting to connect to the build server...
2023.10.22 13:35:48 INFO  Bloop uses C:\jdk-17.0.1 defined at C:\Users\alext\.bloop\bloop.json
2023.10.22 13:35:48 INFO  tracing is disabled for protocol BSP, to enable tracing of incoming and outgoing JSON messages create an empty file at C:\Users\alext\dotsandboxes-main\project\.metals\bsp.trace.json or C:\Users\alext\AppData\Local\scalameta\metals\cache\bsp.trace.json
2023.10.22 13:35:48 INFO  time: Connected to build server in 1.38s
2023.10.22 13:35:48 INFO  Connected to Build server: Bloop v1.5.11
2023.10.22 13:35:48 INFO  time: Imported build in 0.15s
2023.10.22 13:35:49 ERROR Unexpected error initializing server: 
scala.concurrent.Future$$anon$2: Future.filter predicate is not satisfied

2023.10.22 13:35:52 INFO  no build target found for C:\Users\alext\dotsandboxes-webapp\build.sbt. Using presentation compiler with project's scala-library version: 3.3.1
2023.10.22 13:35:54 INFO  time: indexed workspace in 4.86s
2023.10.22 13:35:54 WARN  no build target for: C:\Users\alext\dotsandboxes-webapp\build.sbt
2023.10.22 13:35:58 WARN  no build target for: C:\Users\alext\dotsandboxes-webapp\build.sbt
Okt. 22, 2023 1:36:19 PM org.eclipse.lsp4j.jsonrpc.services.GenericEndpoint notify
INFO: Unsupported notification method: $/setTrace
Okt. 22, 2023 1:36:19 PM org.eclipse.lsp4j.jsonrpc.services.GenericEndpoint notify
INFO: Unsupported notification method: $/setTrace
2023.10.22 13:44:11 WARN  no build target for: C:\Users\alext\dotsandboxes-main\dotsandboxes\src\main\scala\de\htwg\se\dotsandboxes\Default.scala
Okt. 22, 2023 1:44:11 PM scala.meta.internal.pc.CompilerAccess handleError
SEVERE: A severe compiler error occurred, full details of the error can be found in the error report C:\Users\alext\dotsandboxes-main\.metals\.reports\metals-full\2023-10-22\r_compiler-error_13-44-11-679.md
Okt. 22, 2023 1:44:11 PM scala.meta.internal.pc.CompilerAccess handleError
SEVERE: A severe compiler error occurred, full details of the error can be found in the error report C:\Users\alext\dotsandboxes-main\.metals\.reports\metals-full\2023-10-22\r_compiler-error_13-44-11-911.md
2023.10.22 13:44:12 WARN  no build target for: C:\Users\alext\dotsandboxes-main\dotsandboxes\src\main\scala\de\htwg\se\dotsandboxes\DotsAndBoxes.scala
Okt. 22, 2023 1:44:12 PM scala.meta.internal.pc.CompilerAccess handleError
SEVERE: A severe compiler error occurred, full details of the error can be found in the error report C:\Users\alext\dotsandboxes-main\.metals\.reports\metals-full\2023-10-22\r_compiler-error_13-44-12-530.md
Okt. 22, 2023 1:44:12 PM scala.meta.internal.pc.CompilerAccess handleError
SEVERE: A severe compiler error occurred, full details of the error can be found in the error report C:\Users\alext\dotsandboxes-main\.metals\.reports\metals-full\2023-10-22\r_compiler-error_13-44-12-758.md
2023.10.22 13:44:20 WARN  no build target for: C:\Users\alext\dotsandboxes-main\dotsandboxes\build.sbt
Okt. 22, 2023 1:44:25 PM scala.meta.internal.pc.CompilerAccess handleError
SEVERE: A severe compiler error occurred, full details of the error can be found in the error report C:\Users\alext\dotsandboxes-main\.metals\.reports\metals-full\2023-10-22\r_compiler-error_13-44-25-207.md
Okt. 22, 2023 1:55:23 PM scala.meta.internal.pc.CompilerAccess handleError
SEVERE: A severe compiler error occurred, full details of the error can be found in the error report C:\Users\alext\dotsandboxes-main\.metals\.reports\metals-full\2023-10-22\r_compiler-error_13-55-23-288.md
Okt. 22, 2023 3:01:38 PM org.eclipse.lsp4j.jsonrpc.RemoteEndpoint handleCancellation
WARNING: Unmatched cancel notification for request id 217
2023.10.22 15:03:02 WARN  no build target for: C:\Users\alext\dotsandboxes-webapp\app\controllers\HomeController.scala
2023.10.22 15:21:01 WARN  no build target for: C:\Users\alext\dotsandboxes-webapp\app\controllers\HomeController.scala
2023.10.22 15:24:36 WARN  no build target for: C:\Users\alext\dotsandboxes-webapp\app\controllers\HomeController.scala
2023.10.22 15:26:15 WARN  no build target for: C:\Users\alext\dotsandboxes-webapp\app\controllers\HomeController.scala
2023.10.22 15:28:03 WARN  no build target for: C:\Users\alext\dotsandboxes-webapp\app\controllers\HomeController.scala
2023.10.22 15:28:24 WARN  no build target for: C:\Users\alext\dotsandboxes-webapp\app\controllers\HomeController.scala
2023.10.22 15:28:41 WARN  no build target for: C:\Users\alext\dotsandboxes-webapp\app\controllers\HomeController.scala
2023.10.22 16:12:10 WARN  no build target for: C:\Users\alext\dotsandboxes-webapp\app\controllers\HomeController.scala
2023.10.22 16:14:14 WARN  no build target for: C:\Users\alext\dotsandboxes-main\dotsandboxes\src\main\scala\de\htwg\se\dotsandboxes\controller\controllerComponent\ControllerInterface.scala
Okt. 22, 2023 4:14:14 PM scala.meta.internal.pc.CompilerAccess handleError
SEVERE: A severe compiler error occurred, full details of the error can be found in the error report C:\Users\alext\dotsandboxes-main\.metals\.reports\metals-full\2023-10-22\r_compiler-error_16-14-14-858.md
Okt. 22, 2023 4:14:15 PM scala.meta.internal.pc.CompilerAccess handleError
SEVERE: A severe compiler error occurred, full details of the error can be found in the error report C:\Users\alext\dotsandboxes-main\.metals\.reports\metals-full\2023-10-22\r_compiler-error_16-14-15-155.md
2023.10.22 16:24:40 WARN  no build target for: C:\Users\alext\dotsandboxes-webapp\app\controllers\HomeController.scala
2023.10.22 16:25:23 WARN  no build target for: C:\Users\alext\dotsandboxes-webapp\app\controllers\HomeController.scala
2023.10.22 16:29:46 WARN  no build target for: C:\Users\alext\dotsandboxes-main\dotsandboxes\src\main\scala\de\htwg\se\dotsandboxes\controller\controllerComponent\controllerImpl\Controller.scala
Okt. 22, 2023 4:29:46 PM scala.meta.internal.pc.CompilerAccess handleError
SEVERE: A severe compiler error occurred, full details of the error can be found in the error report C:\Users\alext\dotsandboxes-main\.metals\.reports\metals-full\2023-10-22\r_compiler-error_16-29-46-196.md
Okt. 22, 2023 4:29:46 PM scala.meta.internal.pc.CompilerAccess handleError
SEVERE: A severe compiler error occurred, full details of the error can be found in the error report C:\Users\alext\dotsandboxes-main\.metals\.reports\metals-full\2023-10-22\r_compiler-error_16-29-46-485.md
2023.10.22 16:33:08 WARN  no build target for: C:\Users\alext\dotsandboxes-webapp\app\controllers\HomeController.scala
2023.10.22 16:33:44 WARN  no build target for: C:\Users\alext\dotsandboxes-webapp\app\controllers\HomeController.scala
2023.10.22 16:34:46 WARN  no build target for: C:\Users\alext\dotsandboxes-webapp\app\controllers\HomeController.scala
2023.10.22 16:34:46 WARN  no build target for: C:\Users\alext\dotsandboxes-webapp\app\controllers\HomeController.scala
2023.10.22 16:34:46 WARN  Using indexes to guess the definition of index
2023.10.22 16:36:51 WARN  no build target for: C:\Users\alext\dotsandboxes-webapp\app\controllers\HomeController.scala
2023.10.22 16:37:06 WARN  no build target for: C:\Users\alext\dotsandboxes-webapp\app\controllers\HomeController.scala
2023.10.22 16:37:07 WARN  no build target for: C:\Users\alext\dotsandboxes-webapp\app\controllers\HomeController.scala
2023.10.22 16:40:13 WARN  no build target for: C:\Users\alext\dotsandboxes-webapp\app\controllers\HomeController.scala
2023.10.22 16:41:05 WARN  no build target for: C:\Users\alext\dotsandboxes-webapp\app\controllers\HomeController.scala
Okt. 22, 2023 4:42:23 PM scala.meta.internal.pc.CompilerAccess handleError
SEVERE: A severe compiler error occurred, full details of the error can be found in the error report C:\Users\alext\dotsandboxes-main\.metals\.reports\metals-full\2023-10-22\r_compiler-error_16-42-23-693.md
2023.10.22 16:43:22 WARN  no build target for: C:\Users\alext\dotsandboxes-webapp\app\controllers\HomeController.scala
2023.10.22 16:45:04 WARN  no build target for: C:\Users\alext\dotsandboxes-webapp\app\controllers\HomeController.scala
2023.10.22 16:45:59 WARN  no build target for: C:\Users\alext\dotsandboxes-webapp\app\controllers\HomeController.scala
2023.10.22 16:46:19 WARN  no build target for: C:\Users\alext\dotsandboxes-webapp\app\controllers\HomeController.scala
2023.10.22 16:46:20 WARN  no build target for: C:\Users\alext\dotsandboxes-webapp\app\controllers\HomeController.scala
2023.10.22 16:46:19 WARN  Using indexes to guess the definition of asText
2023.10.22 16:46:21 WARN  no build target for: C:\Users\alext\dotsandboxes-webapp\app\controllers\HomeController.scala
2023.10.22 16:47:19 WARN  no build target for: C:\Users\alext\dotsandboxes-webapp\app\controllers\HomeController.scala
2023.10.22 16:50:04 WARN  no build target for: C:\Users\alext\dotsandboxes-webapp\app\controllers\HomeController.scala
2023.10.22 16:50:50 WARN  no build target for: C:\Users\alext\dotsandboxes-webapp\app\controllers\HomeController.scala
2023.10.22 16:51:01 WARN  no build target for: C:\Users\alext\dotsandboxes-webapp\app\controllers\HomeController.scala
2023.10.22 16:51:30 WARN  no build target for: C:\Users\alext\dotsandboxes-webapp\app\controllers\HomeController.scala
2023.10.22 16:52:28 WARN  no build target for: C:\Users\alext\dotsandboxes-webapp\app\controllers\HomeController.scala
2023.10.22 16:53:53 WARN  no build target for: C:\Users\alext\dotsandboxes-webapp\app\controllers\HomeController.scala
Okt. 22, 2023 4:54:08 PM scala.meta.internal.pc.CompilerAccess handleError
SEVERE: A severe compiler error occurred, full details of the error can be found in the error report C:\Users\alext\dotsandboxes-main\.metals\.reports\metals-full\2023-10-22\r_compiler-error_16-54-08-204.md
2023.10.22 16:54:58 WARN  no build target for: C:\Users\alext\dotsandboxes-webapp\app\controllers\HomeController.scala
2023.10.22 16:55:14 WARN  no build target for: C:\Users\alext\dotsandboxes-webapp\app\controllers\HomeController.scala
2023.10.22 16:55:26 INFO  Shutting down server
2023.10.22 16:55:26 INFO  shutting down Metals
2023.10.22 16:55:27 INFO  Shut down connection with build server.
2023.10.22 16:55:27 INFO  Shut down connection with build server.
2023.10.22 16:55:26 INFO  Exiting server
2023.10.22 19:31:54 INFO  Started: Metals version 1.1.0 in folders 'C:\Users\alext\dotsandboxes-main, C:\Users\alext\dotsandboxes-webapp' for client Visual Studio Code 1.83.1.
2023.10.22 19:31:56 ERROR Unexpected error initializing server: 
scala.concurrent.Future$$anon$2: Future.filter predicate is not satisfied

2023.10.22 19:31:56 INFO  Attempting to connect to the build server...
2023.10.22 19:31:56 INFO  Bloop uses C:\jdk-17.0.1 defined at C:\Users\alext\.bloop\bloop.json
2023.10.22 19:31:57 INFO  skipping build import with status 'Installed'
2023.10.22 19:32:07 INFO  no build target found for C:\Users\alext\dotsandboxes-webapp\app\controllers\HomeController.scala. Using presentation compiler with project's scala-library version: 3.3.1
2023.10.22 19:32:11 INFO  tracing is disabled for protocol BSP, to enable tracing of incoming and outgoing JSON messages create an empty file at C:\Users\alext\dotsandboxes-main\.metals\bsp.trace.json or C:\Users\alext\AppData\Local\scalameta\metals\cache\bsp.trace.json
2023.10.22 19:32:11 INFO  Attempting to connect to the build server...
2023.10.22 19:32:11 INFO  Bloop uses C:\jdk-17.0.1 defined at C:\Users\alext\.bloop\bloop.json
2023.10.22 19:32:11 INFO  tracing is disabled for protocol BSP, to enable tracing of incoming and outgoing JSON messages create an empty file at C:\Users\alext\dotsandboxes-main\project\.metals\bsp.trace.json or C:\Users\alext\AppData\Local\scalameta\metals\cache\bsp.trace.json
2023.10.22 19:32:11 INFO  time: Connected to build server in 15s
2023.10.22 19:32:11 INFO  Connected to Build server: Bloop v1.5.11
2023.10.22 19:32:12 INFO  time: Imported build in 0.31s
2023.10.22 19:32:28 INFO  time: indexed workspace in 15s
2023.10.22 19:32:28 WARN  no build target for: C:\Users\alext\dotsandboxes-webapp\app\controllers\HomeController.scala
2023.10.22 19:32:36 WARN  no build target for: C:\Users\alext\dotsandboxes-main\dotsandboxes\src\main\scala\de\htwg\se\dotsandboxes\DotsAndBoxes.scala
Okt. 22, 2023 7:32:37 PM scala.meta.internal.pc.CompilerAccess handleError
SEVERE: A severe compiler error occurred, full details of the error can be found in the error report C:\Users\alext\dotsandboxes-main\.metals\.reports\metals-full\2023-10-22\r_compiler-error_19-32-37-119.md
Okt. 22, 2023 7:32:37 PM scala.meta.internal.pc.CompilerAccess handleError
SEVERE: A severe compiler error occurred, full details of the error can be found in the error report C:\Users\alext\dotsandboxes-main\.metals\.reports\metals-full\2023-10-22\r_compiler-error_19-32-37-501.md
Okt. 22, 2023 7:35:15 PM org.eclipse.lsp4j.jsonrpc.RemoteEndpoint handleCancellation
WARNING: Unmatched cancel notification for request id 26
2023.10.22 19:35:17 WARN  no build target for: C:\Users\alext\dotsandboxes-webapp\app\controllers\HomeController.scala
2023.10.22 19:37:44 WARN  no build target for: C:\Users\alext\dotsandboxes-webapp\app\controllers\HomeController.scala
2023.10.22 19:37:44 WARN  no build target for: C:\Users\alext\dotsandboxes-webapp\app\controllers\HomeController.scala
2023.10.22 19:40:14 WARN  no build target for: C:\Users\alext\dotsandboxes-webapp\app\controllers\HomeController.scala
2023.10.22 19:41:39 WARN  no build target for: C:\Users\alext\dotsandboxes-webapp\app\controllers\HomeController.scala
2023.10.22 19:45:04 WARN  no build target for: C:\Users\alext\dotsandboxes-webapp\app\controllers\HomeController.scala
2023.10.22 19:45:24 WARN  no build target for: C:\Users\alext\dotsandboxes-webapp\app\controllers\HomeController.scala
2023.10.22 19:45:35 WARN  no build target for: C:\Users\alext\dotsandboxes-webapp\app\controllers\HomeController.scala
2023.10.22 19:48:41 WARN  no build target for: C:\Users\alext\dotsandboxes-webapp\app\controllers\HomeController.scala
Okt. 22, 2023 7:51:39 PM org.eclipse.lsp4j.jsonrpc.services.GenericEndpoint notify
INFO: Unsupported notification method: $/setTrace
2023.10.22 19:59:25 WARN  no build target for: C:\Users\alext\dotsandboxes-webapp\app\controllers\HomeController.scala
2023.10.22 20:04:52 WARN  no build target for: C:\Users\alext\dotsandboxes-main\dotsandboxes\src\main\scala\de\htwg\se\dotsandboxes\controller\controllerComponent\controllerImpl\Controller.scala
Okt. 22, 2023 8:04:53 PM scala.meta.internal.pc.CompilerAccess handleError
SEVERE: A severe compiler error occurred, full details of the error can be found in the error report C:\Users\alext\dotsandboxes-main\.metals\.reports\metals-full\2023-10-22\r_compiler-error_20-04-53-175.md
Okt. 22, 2023 8:04:53 PM scala.meta.internal.pc.CompilerAccess handleError
SEVERE: A severe compiler error occurred, full details of the error can be found in the error report C:\Users\alext\dotsandboxes-main\.metals\.reports\metals-full\2023-10-22\r_compiler-error_20-04-53-503.md
2023.10.22 20:05:11 WARN  no build target for: C:\Users\alext\dotsandboxes-main\dotsandboxes\src\main\scala\de\htwg\se\dotsandboxes\aview\TUI.scala
Okt. 22, 2023 8:05:11 PM scala.meta.internal.pc.CompilerAccess handleError
SEVERE: A severe compiler error occurred, full details of the error can be found in the error report C:\Users\alext\dotsandboxes-main\.metals\.reports\metals-full\2023-10-22\r_compiler-error_20-05-11-144.md
Okt. 22, 2023 8:05:11 PM scala.meta.internal.pc.CompilerAccess handleError
SEVERE: A severe compiler error occurred, full details of the error can be found in the error report C:\Users\alext\dotsandboxes-main\.metals\.reports\metals-full\2023-10-22\r_compiler-error_20-05-11-504.md
Okt. 22, 2023 8:05:33 PM org.eclipse.lsp4j.jsonrpc.RemoteEndpoint handleCancellation
WARNING: Unmatched cancel notification for request id 501
Okt. 22, 2023 8:05:42 PM scala.meta.internal.pc.CompilerAccess handleError
SEVERE: A severe compiler error occurred, full details of the error can be found in the error report C:\Users\alext\dotsandboxes-main\.metals\.reports\metals-full\2023-10-22\r_compiler-error_20-05-42-514.md
Okt. 22, 2023 8:06:01 PM scala.meta.internal.pc.CompilerAccess handleError
SEVERE: A severe compiler error occurred, full details of the error can be found in the error report C:\Users\alext\dotsandboxes-main\.metals\.reports\metals-full\2023-10-22\r_compiler-error_20-06-01-974.md
Okt. 22, 2023 8:06:03 PM scala.meta.internal.pc.CompilerAccess handleError
SEVERE: A severe compiler error occurred, full details of the error can be found in the error report C:\Users\alext\dotsandboxes-main\.metals\.reports\metals-full\2023-10-22\r_compiler-error_20-06-03-221.md
Okt. 22, 2023 8:06:15 PM scala.meta.internal.pc.CompilerAccess handleError
SEVERE: A severe compiler error occurred, full details of the error can be found in the error report C:\Users\alext\dotsandboxes-main\.metals\.reports\metals-full\2023-10-22\r_compiler-error_20-06-15-751.md
Okt. 22, 2023 8:06:22 PM scala.meta.internal.pc.CompilerAccess handleError
SEVERE: A severe compiler error occurred, full details of the error can be found in the error report C:\Users\alext\dotsandboxes-main\.metals\.reports\metals-full\2023-10-22\r_compiler-error_20-06-22-168.md
Okt. 22, 2023 8:06:23 PM scala.meta.internal.pc.CompilerAccess handleError
SEVERE: A severe compiler error occurred, full details of the error can be found in the error report C:\Users\alext\dotsandboxes-main\.metals\.reports\metals-full\2023-10-22\r_compiler-error_20-06-23-838.md
Okt. 22, 2023 8:06:24 PM scala.meta.internal.pc.CompilerAccess handleError
SEVERE: A severe compiler error occurred, full details of the error can be found in the error report C:\Users\alext\dotsandboxes-main\.metals\.reports\metals-full\2023-10-22\r_compiler-error_20-06-24-603.md
Okt. 22, 2023 8:07:22 PM org.eclipse.lsp4j.jsonrpc.RemoteEndpoint handleCancellation
WARNING: Unmatched cancel notification for request id 577
2023.10.22 20:07:41 WARN  no build target for: C:\Users\alext\dotsandboxes-webapp\app\controllers\HomeController.scala
2023.10.22 20:07:53 WARN  no build target for: C:\Users\alext\dotsandboxes-webapp\app\controllers\HomeController.scala
Okt. 22, 2023 8:08:22 PM scala.meta.internal.pc.CompilerAccess handleError
SEVERE: A severe compiler error occurred, full details of the error can be found in the error report C:\Users\alext\dotsandboxes-main\.metals\.reports\metals-full\2023-10-22\r_compiler-error_20-08-22-826.md
Okt. 22, 2023 8:08:23 PM scala.meta.internal.pc.CompilerAccess handleError
SEVERE: A severe compiler error occurred, full details of the error can be found in the error report C:\Users\alext\dotsandboxes-main\.metals\.reports\metals-full\2023-10-22\r_compiler-error_20-08-23-785.md
Okt. 22, 2023 8:08:54 PM scala.meta.internal.pc.CompilerAccess handleError
SEVERE: A severe compiler error occurred, full details of the error can be found in the error report C:\Users\alext\dotsandboxes-main\.metals\.reports\metals-full\2023-10-22\r_compiler-error_20-08-54-274.md
Okt. 22, 2023 8:08:55 PM scala.meta.internal.pc.CompilerAccess handleError
SEVERE: A severe compiler error occurred, full details of the error can be found in the error report C:\Users\alext\dotsandboxes-main\.metals\.reports\metals-full\2023-10-22\r_compiler-error_20-08-54-989.md
Okt. 22, 2023 8:08:55 PM scala.meta.internal.pc.CompilerAccess handleError
SEVERE: A severe compiler error occurred, full details of the error can be found in the error report C:\Users\alext\dotsandboxes-main\.metals\.reports\metals-full\2023-10-22\r_compiler-error_20-08-55-140.md
2023.10.22 20:08:57 WARN  Using indexes to guess the definition of Failure
2023.10.22 20:09:15 WARN  no build target for: C:\Users\alext\dotsandboxes-webapp\app\controllers\HomeController.scala
2023.10.22 20:09:51 WARN  no build target for: C:\Users\alext\dotsandboxes-webapp\app\controllers\HomeController.scala
Okt. 22, 2023 8:30:19 PM scala.meta.internal.pc.CompilerAccess handleError
SEVERE: A severe compiler error occurred, full details of the error can be found in the error report C:\Users\alext\dotsandboxes-main\.metals\.reports\metals-full\2023-10-22\r_compiler-error_20-30-19-563.md
Okt. 22, 2023 8:30:24 PM scala.meta.internal.pc.CompilerAccess handleError
SEVERE: A severe compiler error occurred, full details of the error can be found in the error report C:\Users\alext\dotsandboxes-main\.metals\.reports\metals-full\2023-10-22\r_compiler-error_20-30-24-970.md
2023.10.22 20:30:30 WARN  no build target for: C:\Users\alext\dotsandboxes-webapp\app\controllers\HomeController.scala
Okt. 22, 2023 8:30:39 PM scala.meta.internal.pc.CompilerAccess handleError
SEVERE: A severe compiler error occurred, full details of the error can be found in the error report C:\Users\alext\dotsandboxes-main\.metals\.reports\metals-full\2023-10-22\r_compiler-error_20-30-39-269.md
2023.10.22 20:30:49 WARN  no build target for: C:\Users\alext\dotsandboxes-webapp\app\controllers\HomeController.scala
2023.10.22 20:31:12 WARN  no build target for: C:\Users\alext\dotsandboxes-webapp\app\controllers\HomeController.scala
2023.10.22 20:31:26 WARN  no build target for: C:\Users\alext\dotsandboxes-webapp\app\controllers\HomeController.scala
2023.10.22 20:32:46 WARN  no build target for: C:\Users\alext\dotsandboxes-webapp\app\controllers\HomeController.scala
2023.10.22 20:33:20 WARN  Using indexes to guess the definition of move
2023.10.22 20:33:20 WARN  no build target for: C:\Users\alext\dotsandboxes-webapp\app\controllers\HomeController.scala
2023.10.22 20:33:20 WARN  Using indexes to guess the definition of move
2023.10.22 20:54:48 WARN  no build target for: C:\Users\alext\dotsandboxes-webapp\app\controllers\HomeController.scala
2023.10.22 20:54:59 WARN  Using indexes to guess the definition of asText
2023.10.22 20:54:59 WARN  Using indexes to guess the definition of controller
2023.10.22 20:54:59 WARN  no build target for: C:\Users\alext\dotsandboxes-webapp\app\controllers\HomeController.scala
2023.10.22 20:55:00 WARN  Using indexes to guess the definition of asText
2023.10.22 20:55:01 WARN  Using indexes to guess the definition of asText
2023.10.22 20:55:01 WARN  Using indexes to guess the definition of asText
2023.10.22 20:55:00 WARN  no build target for: C:\Users\alext\dotsandboxes-webapp\app\controllers\HomeController.scala
2023.10.22 20:55:21 WARN  no build target for: C:\Users\alext\dotsandboxes-webapp\app\controllers\HomeController.scala
2023.10.22 20:55:39 WARN  no build target for: C:\Users\alext\dotsandboxes-webapp\app\controllers\HomeController.scala
2023.10.22 20:56:52 WARN  no build target for: C:\Users\alext\dotsandboxes-webapp\app\controllers\HomeController.scala
2023.10.22 20:56:52 WARN  no build target for: C:\Users\alext\dotsandboxes-webapp\app\controllers\HomeController.scala
2023.10.22 20:56:53 WARN  no build target for: C:\Users\alext\dotsandboxes-webapp\app\controllers\HomeController.scala
2023.10.22 20:57:23 WARN  no build target for: C:\Users\alext\dotsandboxes-webapp\app\controllers\HomeController.scala
Okt. 22, 2023 8:59:48 PM scala.meta.internal.pc.CompilerAccess handleError
SEVERE: A severe compiler error occurred, full details of the error can be found in the error report C:\Users\alext\dotsandboxes-main\.metals\.reports\metals-full\2023-10-22\r_compiler-error_20-59-48-139.md
2023.10.22 20:59:51 WARN  no build target for: C:\Users\alext\dotsandboxes-main\dotsandboxes\src\main\scala\de\htwg\se\dotsandboxes\model\fieldComponent\fieldImpl\Field.scala
Okt. 22, 2023 8:59:51 PM scala.meta.internal.pc.CompilerAccess handleError
SEVERE: A severe compiler error occurred, full details of the error can be found in the error report C:\Users\alext\dotsandboxes-main\.metals\.reports\metals-full\2023-10-22\r_compiler-error_20-59-51-305.md
Okt. 22, 2023 8:59:51 PM scala.meta.internal.pc.CompilerAccess handleError
SEVERE: A severe compiler error occurred, full details of the error can be found in the error report C:\Users\alext\dotsandboxes-main\.metals\.reports\metals-full\2023-10-22\r_compiler-error_20-59-51-437.md
Okt. 22, 2023 9:00:00 PM scala.meta.internal.pc.CompilerAccess handleError
SEVERE: A severe compiler error occurred, full details of the error can be found in the error report C:\Users\alext\dotsandboxes-main\.metals\.reports\metals-full\2023-10-22\r_compiler-error_21-00-00-895.md
2023.10.22 21:04:07 WARN  no build target for: C:\Users\alext\dotsandboxes-webapp\app\controllers\HomeController.scala
Okt. 22, 2023 9:04:13 PM scala.meta.internal.pc.CompilerAccess handleError
SEVERE: A severe compiler error occurred, full details of the error can be found in the error report C:\Users\alext\dotsandboxes-main\.metals\.reports\metals-full\2023-10-22\r_compiler-error_21-04-13-528.md
2023.10.22 21:04:37 WARN  no build target for: C:\Users\alext\dotsandboxes-webapp\app\controllers\HomeController.scala
2023.10.22 21:05:48 WARN  no build target for: C:\Users\alext\dotsandboxes-webapp\app\controllers\HomeController.scala
Okt. 22, 2023 9:05:49 PM org.eclipse.lsp4j.jsonrpc.RemoteEndpoint handleCancellation
WARNING: Unmatched cancel notification for request id 1357
Okt. 22, 2023 9:08:48 PM scala.meta.internal.pc.CompilerAccess handleError
SEVERE: A severe compiler error occurred, full details of the error can be found in the error report C:\Users\alext\dotsandboxes-main\.metals\.reports\metals-full\2023-10-22\r_compiler-error_21-08-48-319.md
Okt. 22, 2023 9:09:19 PM scala.meta.internal.pc.CompilerAccess handleError
SEVERE: A severe compiler error occurred, full details of the error can be found in the error report C:\Users\alext\dotsandboxes-main\.metals\.reports\metals-full\2023-10-22\r_compiler-error_21-09-19-755.md
Okt. 22, 2023 9:09:19 PM scala.meta.internal.pc.CompilerAccess handleError
SEVERE: A severe compiler error occurred, full details of the error can be found in the error report C:\Users\alext\dotsandboxes-main\.metals\.reports\metals-full\2023-10-22\r_compiler-error_21-09-19-796.md
2023.10.22 21:09:20 WARN  Using indexes to guess the definition of Int
Okt. 22, 2023 9:09:23 PM scala.meta.internal.pc.CompilerAccess handleError
SEVERE: A severe compiler error occurred, full details of the error can be found in the error report C:\Users\alext\dotsandboxes-main\.metals\.reports\metals-full\2023-10-22\r_compiler-error_21-09-23-521.md
2023.10.22 21:09:32 WARN  Using indexes to guess the definition of controller
2023.10.22 21:09:32 WARN  Using indexes to guess the definition of controller
2023.10.22 21:09:32 WARN  Using indexes to guess the definition of controller
2023.10.22 21:09:37 WARN  Using indexes to guess the definition of controller
2023.10.22 21:09:37 WARN  Using indexes to guess the definition of controller
2023.10.22 21:09:39 WARN  Using indexes to guess the definition of move
2023.10.22 21:09:43 WARN  no build target for: C:\Users\alext\dotsandboxes-webapp\app\controllers\HomeController.scala
Okt. 22, 2023 9:10:13 PM scala.meta.internal.pc.CompilerAccess handleError
SEVERE: A severe compiler error occurred, full details of the error can be found in the error report C:\Users\alext\dotsandboxes-main\.metals\.reports\metals-full\2023-10-22\r_compiler-error_21-10-13-907.md
2023.10.22 21:10:19 WARN  no build target for: C:\Users\alext\dotsandboxes-webapp\app\controllers\HomeController.scala
2023.10.22 21:10:39 WARN  no build target for: C:\Users\alext\dotsandboxes-webapp\app\controllers\HomeController.scala
2023.10.22 21:15:06 WARN  Could not find semantic tokens for: file:///C:/Users/alext/dotsandboxes-webapp/project/plugins.sbt
2023.10.22 21:18:07 WARN  no build target for: C:\Users\alext\dotsandboxes-webapp\build.sbt
2023.10.22 21:18:12 INFO  running 'C:\jdk-17.0.1\bin\java.exe -Djline.terminal=jline.UnsupportedTerminal -Dsbt.log.noformat=true -Dfile.encoding=UTF-8 -jar C:\Users\alext\AppData\Local\Temp\metals3347689398236854175\sbt-launch.jar -Dbloop.export-jar-classifiers=sources bloopInstall'
2023.10.22 21:18:16 INFO  sbt thinks that server is already booting because of this exception:
2023.10.22 21:18:16 ERROR sbt.internal.ServerAlreadyBootingException: java.io.IOException: Could not create lock for \\.\pipe\sbt-load-2071698583294597583_lock, error 5
2023.10.22 21:18:16 ERROR 	at sbt.internal.BootServerSocket.newSocket(BootServerSocket.java:357)
2023.10.22 21:18:16 ERROR 	at sbt.internal.BootServerSocket.<init>(BootServerSocket.java:296)
2023.10.22 21:18:16 ERROR 	at sbt.xMain$.getSocketOrExit(Main.scala:152)
2023.10.22 21:18:16 ERROR 	at sbt.xMain$.bootServerSocket$lzycompute$1(Main.scala:78)
2023.10.22 21:18:16 ERROR 	at sbt.xMain$.bootServerSocket$1(Main.scala:78)
2023.10.22 21:18:16 ERROR 	at sbt.xMain$.withStreams$1(Main.scala:86)
2023.10.22 21:18:16 ERROR 	at sbt.xMain$.run(Main.scala:123)
2023.10.22 21:18:16 ERROR 	at java.base/jdk.internal.reflect.NativeMethodAccessorImpl.invoke0(Native Method)
2023.10.22 21:18:16 ERROR 	at java.base/jdk.internal.reflect.NativeMethodAccessorImpl.invoke(NativeMethodAccessorImpl.java:77)
2023.10.22 21:18:16 ERROR 	at java.base/jdk.internal.reflect.DelegatingMethodAccessorImpl.invoke(DelegatingMethodAccessorImpl.java:43)
2023.10.22 21:18:16 ERROR 	at java.base/java.lang.reflect.Method.invoke(Method.java:568)
2023.10.22 21:18:16 ERROR 	at sbt.internal.XMainConfiguration.run(XMainConfiguration.java:59)
2023.10.22 21:18:16 ERROR 	at sbt.xMain.run(Main.scala:47)
2023.10.22 21:18:16 ERROR 	at xsbt.boot.Launch$.$anonfun$run$1(Launch.scala:149)
2023.10.22 21:18:16 ERROR 	at xsbt.boot.Launch$.withContextLoader(Launch.scala:176)
2023.10.22 21:18:16 ERROR 	at xsbt.boot.Launch$.run(Launch.scala:149)
2023.10.22 21:18:16 ERROR 	at xsbt.boot.Launch$.$anonfun$apply$1(Launch.scala:44)
2023.10.22 21:18:16 ERROR 	at xsbt.boot.Launch$.launch(Launch.scala:159)
2023.10.22 21:18:16 ERROR 	at xsbt.boot.Launch$.apply(Launch.scala:44)
2023.10.22 21:18:16 ERROR 	at xsbt.boot.Launch$.apply(Launch.scala:21)
2023.10.22 21:18:16 ERROR 	at xsbt.boot.Boot$.runImpl(Boot.scala:78)
2023.10.22 21:18:16 ERROR 	at xsbt.boot.Boot$.run(Boot.scala:73)
2023.10.22 21:18:16 ERROR 	at xsbt.boot.Boot$.main(Boot.scala:21)
2023.10.22 21:18:16 ERROR 	at xsbt.boot.Boot.main(Boot.scala)
2023.10.22 21:18:16 ERROR Caused by: java.io.IOException: Could not create lock for \\.\pipe\sbt-load-2071698583294597583_lock, error 5
2023.10.22 21:18:16 ERROR 	at org.scalasbt.ipcsocket.Win32NamedPipeServerSocket.<init>(Win32NamedPipeServerSocket.java:129)
2023.10.22 21:18:16 ERROR 	at org.scalasbt.ipcsocket.Win32NamedPipeServerSocket.<init>(Win32NamedPipeServerSocket.java:48)
2023.10.22 21:18:16 ERROR 	at sbt.internal.BootServerSocket.newSocket(BootServerSocket.java:351)
2023.10.22 21:18:16 ERROR 	... 23 more
2023.10.22 21:18:16 INFO  time: ran 'sbt bloopInstall' in 3.72s
2023.10.22 21:18:16 ERROR sbt command failed: C:\jdk-17.0.1\bin\java.exe -Djline.terminal=jline.UnsupportedTerminal -Dsbt.log.noformat=true -Dfile.encoding=UTF-8 -jar C:\Users\alext\AppData\Local\Temp\metals3347689398236854175\sbt-launch.jar -Dbloop.export-jar-classifiers=sources bloopInstall
2023.10.22 21:18:45 WARN  no build target for: C:\Users\alext\dotsandboxes-webapp\build.sbt
2023.10.22 21:18:45 INFO  skipping build import with status 'Dismissed'
2023.10.22 21:21:09 WARN  no build target for: C:\Users\alext\dotsandboxes-webapp\app\controllers\HomeController.scala
2023.10.22 21:22:27 WARN  Using indexes to guess the definition of asText
2023.10.22 21:22:29 WARN  Using indexes to guess the definition of controller
2023.10.22 21:22:29 WARN  no build target for: C:\Users\alext\dotsandboxes-webapp\app\controllers\HomeController.scala
2023.10.22 21:22:30 WARN  Using indexes to guess the definition of controller
Okt. 22, 2023 9:24:36 PM scala.meta.internal.pc.CompilerAccess handleError
SEVERE: A severe compiler error occurred, full details of the error can be found in the error report C:\Users\alext\dotsandboxes-main\.metals\.reports\metals-full\2023-10-22\r_compiler-error_21-24-36-390.md
2023.10.22 21:26:13 WARN  Using indexes to guess the definition of controller
2023.10.22 21:26:13 WARN  Using indexes to guess the definition of controller
2023.10.22 21:26:13 WARN  no build target for: C:\Users\alext\dotsandboxes-webapp\app\controllers\HomeController.scala
2023.10.22 21:26:14 WARN  Using indexes to guess the definition of controller
2023.10.22 21:26:19 WARN  no build target for: C:\Users\alext\dotsandboxes-webapp\app\controllers\HomeController.scala
2023.10.22 21:26:33 WARN  no build target for: C:\Users\alext\dotsandboxes-webapp\app\controllers\HomeController.scala
Okt. 22, 2023 9:26:36 PM scala.meta.internal.pc.CompilerAccess handleError
SEVERE: A severe compiler error occurred, full details of the error can be found in the error report C:\Users\alext\dotsandboxes-main\.metals\.reports\metals-full\2023-10-22\r_compiler-error_21-26-36-360.md
Okt. 22, 2023 9:27:15 PM scala.meta.internal.pc.CompilerAccess handleError
SEVERE: A severe compiler error occurred, full details of the error can be found in the error report C:\Users\alext\dotsandboxes-main\.metals\.reports\metals-full\2023-10-22\r_compiler-error_21-27-15-034.md
Okt. 22, 2023 9:29:04 PM scala.meta.internal.pc.CompilerAccess handleError
SEVERE: A severe compiler error occurred, full details of the error can be found in the error report C:\Users\alext\dotsandboxes-main\.metals\.reports\metals-full\2023-10-22\r_compiler-error_21-29-04-565.md
Okt. 22, 2023 9:29:05 PM scala.meta.internal.pc.CompilerAccess handleError
SEVERE: A severe compiler error occurred, full details of the error can be found in the error report C:\Users\alext\dotsandboxes-main\.metals\.reports\metals-full\2023-10-22\r_compiler-error_21-29-05-198.md
2023.10.22 21:29:14 WARN  no build target for: C:\Users\alext\dotsandboxes-main\dotsandboxes\src\main\scala\de\htwg\se\dotsandboxes\aview\GUI.scala
Okt. 22, 2023 9:29:14 PM scala.meta.internal.pc.CompilerAccess handleError
SEVERE: A severe compiler error occurred, full details of the error can be found in the error report C:\Users\alext\dotsandboxes-main\.metals\.reports\metals-full\2023-10-22\r_compiler-error_21-29-14-738.md
Okt. 22, 2023 9:29:15 PM scala.meta.internal.pc.CompilerAccess handleError
SEVERE: A severe compiler error occurred, full details of the error can be found in the error report C:\Users\alext\dotsandboxes-main\.metals\.reports\metals-full\2023-10-22\r_compiler-error_21-29-15-102.md
Okt. 22, 2023 9:29:31 PM scala.meta.internal.pc.CompilerAccess handleError
SEVERE: A severe compiler error occurred, full details of the error can be found in the error report C:\Users\alext\dotsandboxes-main\.metals\.reports\metals-full\2023-10-22\r_compiler-error_21-29-31-859.md
Okt. 22, 2023 9:30:04 PM scala.meta.internal.pc.CompilerAccess handleError
SEVERE: A severe compiler error occurred, full details of the error can be found in the error report C:\Users\alext\dotsandboxes-main\.metals\.reports\metals-full\2023-10-22\r_compiler-error_21-30-04-952.md
2023.10.22 21:32:16 WARN  no build target for: C:\Users\alext\dotsandboxes-webapp\app\controllers\HomeController.scala
2023.10.22 21:34:50 ERROR Failed to tokenize input for semantic tokens for C:\Users\alext\dotsandboxes-webapp\app\controllers\HomeController.scala
scala.meta.tokenizers.TokenizeException: <input>:10: error: unclosed comment
import de.htwg.se.dotsandboxes.Default.given_FileIOInterface /*
                                                             ^
	at scala.meta.internal.tokenizers.Reporter.incompleteInputError(Reporter.scala:27)
	at scala.meta.internal.tokenizers.Reporter.incompleteInputError$(Reporter.scala:26)
	at scala.meta.internal.tokenizers.Reporter$$anon$1.incompleteInputError(Reporter.scala:33)
	at scala.meta.internal.tokenizers.Reporter.incompleteInputError(Reporter.scala:29)
	at scala.meta.internal.tokenizers.Reporter.incompleteInputError$(Reporter.scala:29)
	at scala.meta.internal.tokenizers.Reporter$$anon$1.incompleteInputError(Reporter.scala:33)
	at scala.meta.internal.tokenizers.LegacyScanner.skipNestedComments(LegacyScanner.scala:52)
	at scala.meta.internal.tokenizers.LegacyScanner.skipToCommentEnd(LegacyScanner.scala:71)
	at scala.meta.internal.tokenizers.LegacyScanner.fetchToken(LegacyScanner.scala:313)
	at scala.meta.internal.tokenizers.LegacyScanner.nextToken(LegacyScanner.scala:211)
	at scala.meta.internal.tokenizers.LegacyScanner.foreach(LegacyScanner.scala:1011)
	at scala.meta.internal.tokenizers.ScalametaTokenizer.uncachedTokenize(ScalametaTokenizer.scala:24)
	at scala.meta.internal.tokenizers.ScalametaTokenizer.$anonfun$tokenize$1(ScalametaTokenizer.scala:17)
	at scala.collection.concurrent.TrieMap.getOrElseUpdate(TrieMap.scala:962)
	at scala.meta.internal.tokenizers.ScalametaTokenizer.tokenize(ScalametaTokenizer.scala:17)
	at scala.meta.internal.tokenizers.ScalametaTokenizer$$anon$2.apply(ScalametaTokenizer.scala:332)
	at scala.meta.tokenizers.Api$XtensionTokenizeDialectInput.tokenize(Api.scala:25)
	at scala.meta.tokenizers.Api$XtensionTokenizeInputLike.tokenize(Api.scala:14)
	at scala.meta.internal.metals.SemanticTokensProvider$.getTokens(SemanticTokensProvider.scala:28)
	at scala.meta.internal.metals.SemanticTokensProvider$.provide(SemanticTokensProvider.scala:89)
	at scala.meta.internal.metals.Compilers.$anonfun$semanticTokens$3(Compilers.scala:539)
	at scala.concurrent.impl.Promise$Transformation.run(Promise.scala:467)
	at java.util.concurrent.ThreadPoolExecutor.runWorker(ThreadPoolExecutor.java:1136)
	at java.util.concurrent.ThreadPoolExecutor$Worker.run(ThreadPoolExecutor.java:635)
	at java.lang.Thread.run(Thread.java:833)

2023.10.22 21:34:53 ERROR Failed to tokenize input for semantic tokens for C:\Users\alext\dotsandboxes-webapp\app\controllers\HomeController.scala
scala.meta.tokenizers.TokenizeException: <input>:10: error: unclosed comment
import de.htwg.se.dotsandboxes.Default.given_FileIOInterface /*
                                                             ^
	at scala.meta.internal.tokenizers.Reporter.incompleteInputError(Reporter.scala:27)
	at scala.meta.internal.tokenizers.Reporter.incompleteInputError$(Reporter.scala:26)
	at scala.meta.internal.tokenizers.Reporter$$anon$1.incompleteInputError(Reporter.scala:33)
	at scala.meta.internal.tokenizers.Reporter.incompleteInputError(Reporter.scala:29)
	at scala.meta.internal.tokenizers.Reporter.incompleteInputError$(Reporter.scala:29)
	at scala.meta.internal.tokenizers.Reporter$$anon$1.incompleteInputError(Reporter.scala:33)
	at scala.meta.internal.tokenizers.LegacyScanner.skipNestedComments(LegacyScanner.scala:52)
	at scala.meta.internal.tokenizers.LegacyScanner.skipToCommentEnd(LegacyScanner.scala:71)
	at scala.meta.internal.tokenizers.LegacyScanner.fetchToken(LegacyScanner.scala:313)
	at scala.meta.internal.tokenizers.LegacyScanner.nextToken(LegacyScanner.scala:211)
	at scala.meta.internal.tokenizers.LegacyScanner.foreach(LegacyScanner.scala:1011)
	at scala.meta.internal.tokenizers.ScalametaTokenizer.uncachedTokenize(ScalametaTokenizer.scala:24)
	at scala.meta.internal.tokenizers.ScalametaTokenizer.$anonfun$tokenize$1(ScalametaTokenizer.scala:17)
	at scala.collection.concurrent.TrieMap.getOrElseUpdate(TrieMap.scala:962)
	at scala.meta.internal.tokenizers.ScalametaTokenizer.tokenize(ScalametaTokenizer.scala:17)
	at scala.meta.internal.tokenizers.ScalametaTokenizer$$anon$2.apply(ScalametaTokenizer.scala:332)
	at scala.meta.tokenizers.Api$XtensionTokenizeDialectInput.tokenize(Api.scala:25)
	at scala.meta.tokenizers.Api$XtensionTokenizeInputLike.tokenize(Api.scala:14)
	at scala.meta.internal.metals.SemanticTokensProvider$.getTokens(SemanticTokensProvider.scala:28)
	at scala.meta.internal.metals.SemanticTokensProvider$.provide(SemanticTokensProvider.scala:89)
	at scala.meta.internal.metals.Compilers.$anonfun$semanticTokens$3(Compilers.scala:539)
	at scala.concurrent.impl.Promise$Transformation.run(Promise.scala:467)
	at java.util.concurrent.ThreadPoolExecutor.runWorker(ThreadPoolExecutor.java:1136)
	at java.util.concurrent.ThreadPoolExecutor$Worker.run(ThreadPoolExecutor.java:635)
	at java.lang.Thread.run(Thread.java:833)

2023.10.22 21:34:53 ERROR Failed to tokenize input for semantic tokens for C:\Users\alext\dotsandboxes-webapp\app\controllers\HomeController.scala
scala.meta.tokenizers.TokenizeException: <input>:6: error: unclosed comment
/*
^
	at scala.meta.internal.tokenizers.Reporter.incompleteInputError(Reporter.scala:27)
	at scala.meta.internal.tokenizers.Reporter.incompleteInputError$(Reporter.scala:26)
	at scala.meta.internal.tokenizers.Reporter$$anon$1.incompleteInputError(Reporter.scala:33)
	at scala.meta.internal.tokenizers.Reporter.incompleteInputError(Reporter.scala:29)
	at scala.meta.internal.tokenizers.Reporter.incompleteInputError$(Reporter.scala:29)
	at scala.meta.internal.tokenizers.Reporter$$anon$1.incompleteInputError(Reporter.scala:33)
	at scala.meta.internal.tokenizers.LegacyScanner.skipNestedComments(LegacyScanner.scala:52)
	at scala.meta.internal.tokenizers.LegacyScanner.skipToCommentEnd(LegacyScanner.scala:71)
	at scala.meta.internal.tokenizers.LegacyScanner.fetchToken(LegacyScanner.scala:313)
	at scala.meta.internal.tokenizers.LegacyScanner.nextToken(LegacyScanner.scala:211)
	at scala.meta.internal.tokenizers.LegacyScanner.foreach(LegacyScanner.scala:1011)
	at scala.meta.internal.tokenizers.ScalametaTokenizer.uncachedTokenize(ScalametaTokenizer.scala:24)
	at scala.meta.internal.tokenizers.ScalametaTokenizer.$anonfun$tokenize$1(ScalametaTokenizer.scala:17)
	at scala.collection.concurrent.TrieMap.getOrElseUpdate(TrieMap.scala:962)
	at scala.meta.internal.tokenizers.ScalametaTokenizer.tokenize(ScalametaTokenizer.scala:17)
	at scala.meta.internal.tokenizers.ScalametaTokenizer$$anon$2.apply(ScalametaTokenizer.scala:332)
	at scala.meta.tokenizers.Api$XtensionTokenizeDialectInput.tokenize(Api.scala:25)
	at scala.meta.tokenizers.Api$XtensionTokenizeInputLike.tokenize(Api.scala:14)
	at scala.meta.internal.metals.SemanticTokensProvider$.getTokens(SemanticTokensProvider.scala:28)
	at scala.meta.internal.metals.SemanticTokensProvider$.provide(SemanticTokensProvider.scala:89)
	at scala.meta.internal.metals.Compilers.$anonfun$semanticTokens$3(Compilers.scala:539)
	at scala.concurrent.impl.Promise$Transformation.run(Promise.scala:467)
	at java.util.concurrent.ThreadPoolExecutor.runWorker(ThreadPoolExecutor.java:1136)
	at java.util.concurrent.ThreadPoolExecutor$Worker.run(ThreadPoolExecutor.java:635)
	at java.lang.Thread.run(Thread.java:833)

2023.10.22 21:34:55 WARN  no build target for: C:\Users\alext\dotsandboxes-webapp\app\controllers\HomeController.scala
2023.10.22 21:34:55 ERROR Failed to tokenize input for semantic tokens for C:\Users\alext\dotsandboxes-webapp\app\controllers\HomeController.scala
scala.meta.tokenizers.TokenizeException: <input>:6: error: unclosed comment
/*
^
	at scala.meta.internal.tokenizers.Reporter.incompleteInputError(Reporter.scala:27)
	at scala.meta.internal.tokenizers.Reporter.incompleteInputError$(Reporter.scala:26)
	at scala.meta.internal.tokenizers.Reporter$$anon$1.incompleteInputError(Reporter.scala:33)
	at scala.meta.internal.tokenizers.Reporter.incompleteInputError(Reporter.scala:29)
	at scala.meta.internal.tokenizers.Reporter.incompleteInputError$(Reporter.scala:29)
	at scala.meta.internal.tokenizers.Reporter$$anon$1.incompleteInputError(Reporter.scala:33)
	at scala.meta.internal.tokenizers.LegacyScanner.skipNestedComments(LegacyScanner.scala:52)
	at scala.meta.internal.tokenizers.LegacyScanner.skipToCommentEnd(LegacyScanner.scala:71)
	at scala.meta.internal.tokenizers.LegacyScanner.fetchToken(LegacyScanner.scala:313)
	at scala.meta.internal.tokenizers.LegacyScanner.nextToken(LegacyScanner.scala:211)
	at scala.meta.internal.tokenizers.LegacyScanner.foreach(LegacyScanner.scala:1011)
	at scala.meta.internal.tokenizers.ScalametaTokenizer.uncachedTokenize(ScalametaTokenizer.scala:24)
	at scala.meta.internal.tokenizers.ScalametaTokenizer.$anonfun$tokenize$1(ScalametaTokenizer.scala:17)
	at scala.collection.concurrent.TrieMap.getOrElseUpdate(TrieMap.scala:962)
	at scala.meta.internal.tokenizers.ScalametaTokenizer.tokenize(ScalametaTokenizer.scala:17)
	at scala.meta.internal.tokenizers.ScalametaTokenizer$$anon$2.apply(ScalametaTokenizer.scala:332)
	at scala.meta.tokenizers.Api$XtensionTokenizeDialectInput.tokenize(Api.scala:25)
	at scala.meta.tokenizers.Api$XtensionTokenizeInputLike.tokenize(Api.scala:14)
	at scala.meta.internal.metals.SemanticTokensProvider$.getTokens(SemanticTokensProvider.scala:28)
	at scala.meta.internal.metals.SemanticTokensProvider$.provide(SemanticTokensProvider.scala:89)
	at scala.meta.internal.metals.Compilers.$anonfun$semanticTokens$3(Compilers.scala:539)
	at scala.concurrent.impl.Promise$Transformation.run(Promise.scala:467)
	at java.util.concurrent.ThreadPoolExecutor.runWorker(ThreadPoolExecutor.java:1136)
	at java.util.concurrent.ThreadPoolExecutor$Worker.run(ThreadPoolExecutor.java:635)
	at java.lang.Thread.run(Thread.java:833)

2023.10.22 21:35:01 ERROR Failed to tokenize input for semantic tokens for C:\Users\alext\dotsandboxes-webapp\app\controllers\HomeController.scala
scala.meta.tokenizers.TokenizeException: <input>:6: error: unclosed comment
/*
^
	at scala.meta.internal.tokenizers.Reporter.incompleteInputError(Reporter.scala:27)
	at scala.meta.internal.tokenizers.Reporter.incompleteInputError$(Reporter.scala:26)
	at scala.meta.internal.tokenizers.Reporter$$anon$1.incompleteInputError(Reporter.scala:33)
	at scala.meta.internal.tokenizers.Reporter.incompleteInputError(Reporter.scala:29)
	at scala.meta.internal.tokenizers.Reporter.incompleteInputError$(Reporter.scala:29)
	at scala.meta.internal.tokenizers.Reporter$$anon$1.incompleteInputError(Reporter.scala:33)
	at scala.meta.internal.tokenizers.LegacyScanner.skipNestedComments(LegacyScanner.scala:52)
	at scala.meta.internal.tokenizers.LegacyScanner.skipToCommentEnd(LegacyScanner.scala:71)
	at scala.meta.internal.tokenizers.LegacyScanner.fetchToken(LegacyScanner.scala:313)
	at scala.meta.internal.tokenizers.LegacyScanner.nextToken(LegacyScanner.scala:211)
	at scala.meta.internal.tokenizers.LegacyScanner.foreach(LegacyScanner.scala:1011)
	at scala.meta.internal.tokenizers.ScalametaTokenizer.uncachedTokenize(ScalametaTokenizer.scala:24)
	at scala.meta.internal.tokenizers.ScalametaTokenizer.$anonfun$tokenize$1(ScalametaTokenizer.scala:17)
	at scala.collection.concurrent.TrieMap.getOrElseUpdate(TrieMap.scala:962)
	at scala.meta.internal.tokenizers.ScalametaTokenizer.tokenize(ScalametaTokenizer.scala:17)
	at scala.meta.internal.tokenizers.ScalametaTokenizer$$anon$2.apply(ScalametaTokenizer.scala:332)
	at scala.meta.tokenizers.Api$XtensionTokenizeDialectInput.tokenize(Api.scala:25)
	at scala.meta.tokenizers.Api$XtensionTokenizeInputLike.tokenize(Api.scala:14)
	at scala.meta.internal.metals.SemanticTokensProvider$.getTokens(SemanticTokensProvider.scala:28)
	at scala.meta.internal.metals.SemanticTokensProvider$.provide(SemanticTokensProvider.scala:89)
	at scala.meta.internal.metals.Compilers.$anonfun$semanticTokens$3(Compilers.scala:539)
	at scala.concurrent.impl.Promise$Transformation.run(Promise.scala:467)
	at java.util.concurrent.ThreadPoolExecutor.runWorker(ThreadPoolExecutor.java:1136)
	at java.util.concurrent.ThreadPoolExecutor$Worker.run(ThreadPoolExecutor.java:635)
	at java.lang.Thread.run(Thread.java:833)

2023.10.22 21:35:01 ERROR Failed to tokenize input for semantic tokens for C:\Users\alext\dotsandboxes-webapp\app\controllers\HomeController.scala
scala.meta.tokenizers.TokenizeException: <input>:6: error: unclosed comment
/*
^
	at scala.meta.internal.tokenizers.Reporter.incompleteInputError(Reporter.scala:27)
	at scala.meta.internal.tokenizers.Reporter.incompleteInputError$(Reporter.scala:26)
	at scala.meta.internal.tokenizers.Reporter$$anon$1.incompleteInputError(Reporter.scala:33)
	at scala.meta.internal.tokenizers.Reporter.incompleteInputError(Reporter.scala:29)
	at scala.meta.internal.tokenizers.Reporter.incompleteInputError$(Reporter.scala:29)
	at scala.meta.internal.tokenizers.Reporter$$anon$1.incompleteInputError(Reporter.scala:33)
	at scala.meta.internal.tokenizers.LegacyScanner.skipNestedComments(LegacyScanner.scala:52)
	at scala.meta.internal.tokenizers.LegacyScanner.skipToCommentEnd(LegacyScanner.scala:71)
	at scala.meta.internal.tokenizers.LegacyScanner.fetchToken(LegacyScanner.scala:313)
	at scala.meta.internal.tokenizers.LegacyScanner.nextToken(LegacyScanner.scala:211)
	at scala.meta.internal.tokenizers.LegacyScanner.foreach(LegacyScanner.scala:1011)
	at scala.meta.internal.tokenizers.ScalametaTokenizer.uncachedTokenize(ScalametaTokenizer.scala:24)
	at scala.meta.internal.tokenizers.ScalametaTokenizer.$anonfun$tokenize$1(ScalametaTokenizer.scala:17)
	at scala.collection.concurrent.TrieMap.getOrElseUpdate(TrieMap.scala:962)
	at scala.meta.internal.tokenizers.ScalametaTokenizer.tokenize(ScalametaTokenizer.scala:17)
	at scala.meta.internal.tokenizers.ScalametaTokenizer$$anon$2.apply(ScalametaTokenizer.scala:332)
	at scala.meta.tokenizers.Api$XtensionTokenizeDialectInput.tokenize(Api.scala:25)
	at scala.meta.tokenizers.Api$XtensionTokenizeInputLike.tokenize(Api.scala:14)
	at scala.meta.internal.metals.SemanticTokensProvider$.getTokens(SemanticTokensProvider.scala:28)
	at scala.meta.internal.metals.SemanticTokensProvider$.provide(SemanticTokensProvider.scala:89)
	at scala.meta.internal.metals.Compilers.$anonfun$semanticTokens$3(Compilers.scala:539)
	at scala.concurrent.impl.Promise$Transformation.run(Promise.scala:467)
	at java.util.concurrent.ThreadPoolExecutor.runWorker(ThreadPoolExecutor.java:1136)
	at java.util.concurrent.ThreadPoolExecutor$Worker.run(ThreadPoolExecutor.java:635)
	at java.lang.Thread.run(Thread.java:833)

2023.10.22 21:35:20 WARN  no build target for: C:\Users\alext\dotsandboxes-webapp\app\controllers\HomeController.scala
2023.10.22 21:36:13 ERROR Failed to tokenize input for semantic tokens for C:\Users\alext\dotsandboxes-webapp\app\controllers\HomeController.scala
scala.meta.tokenizers.TokenizeException: <input>:6: error: unclosed comment
/*
^
	at scala.meta.internal.tokenizers.Reporter.incompleteInputError(Reporter.scala:27)
	at scala.meta.internal.tokenizers.Reporter.incompleteInputError$(Reporter.scala:26)
	at scala.meta.internal.tokenizers.Reporter$$anon$1.incompleteInputError(Reporter.scala:33)
	at scala.meta.internal.tokenizers.Reporter.incompleteInputError(Reporter.scala:29)
	at scala.meta.internal.tokenizers.Reporter.incompleteInputError$(Reporter.scala:29)
	at scala.meta.internal.tokenizers.Reporter$$anon$1.incompleteInputError(Reporter.scala:33)
	at scala.meta.internal.tokenizers.LegacyScanner.skipNestedComments(LegacyScanner.scala:52)
	at scala.meta.internal.tokenizers.LegacyScanner.skipToCommentEnd(LegacyScanner.scala:71)
	at scala.meta.internal.tokenizers.LegacyScanner.fetchToken(LegacyScanner.scala:313)
	at scala.meta.internal.tokenizers.LegacyScanner.nextToken(LegacyScanner.scala:211)
	at scala.meta.internal.tokenizers.LegacyScanner.foreach(LegacyScanner.scala:1011)
	at scala.meta.internal.tokenizers.ScalametaTokenizer.uncachedTokenize(ScalametaTokenizer.scala:24)
	at scala.meta.internal.tokenizers.ScalametaTokenizer.$anonfun$tokenize$1(ScalametaTokenizer.scala:17)
	at scala.collection.concurrent.TrieMap.getOrElseUpdate(TrieMap.scala:962)
	at scala.meta.internal.tokenizers.ScalametaTokenizer.tokenize(ScalametaTokenizer.scala:17)
	at scala.meta.internal.tokenizers.ScalametaTokenizer$$anon$2.apply(ScalametaTokenizer.scala:332)
	at scala.meta.tokenizers.Api$XtensionTokenizeDialectInput.tokenize(Api.scala:25)
	at scala.meta.tokenizers.Api$XtensionTokenizeInputLike.tokenize(Api.scala:14)
	at scala.meta.internal.metals.SemanticTokensProvider$.getTokens(SemanticTokensProvider.scala:28)
	at scala.meta.internal.metals.SemanticTokensProvider$.provide(SemanticTokensProvider.scala:89)
	at scala.meta.internal.metals.Compilers.$anonfun$semanticTokens$3(Compilers.scala:539)
	at scala.concurrent.impl.Promise$Transformation.run(Promise.scala:467)
	at java.util.concurrent.ThreadPoolExecutor.runWorker(ThreadPoolExecutor.java:1136)
	at java.util.concurrent.ThreadPoolExecutor$Worker.run(ThreadPoolExecutor.java:635)
	at java.lang.Thread.run(Thread.java:833)

2023.10.22 21:36:13 ERROR Failed to tokenize input for semantic tokens for C:\Users\alext\dotsandboxes-webapp\app\controllers\HomeController.scala
scala.meta.tokenizers.TokenizeException: <input>:6: error: unclosed comment
/*
^
	at scala.meta.internal.tokenizers.Reporter.incompleteInputError(Reporter.scala:27)
	at scala.meta.internal.tokenizers.Reporter.incompleteInputError$(Reporter.scala:26)
	at scala.meta.internal.tokenizers.Reporter$$anon$1.incompleteInputError(Reporter.scala:33)
	at scala.meta.internal.tokenizers.Reporter.incompleteInputError(Reporter.scala:29)
	at scala.meta.internal.tokenizers.Reporter.incompleteInputError$(Reporter.scala:29)
	at scala.meta.internal.tokenizers.Reporter$$anon$1.incompleteInputError(Reporter.scala:33)
	at scala.meta.internal.tokenizers.LegacyScanner.skipNestedComments(LegacyScanner.scala:52)
	at scala.meta.internal.tokenizers.LegacyScanner.skipToCommentEnd(LegacyScanner.scala:71)
	at scala.meta.internal.tokenizers.LegacyScanner.fetchToken(LegacyScanner.scala:313)
	at scala.meta.internal.tokenizers.LegacyScanner.nextToken(LegacyScanner.scala:211)
	at scala.meta.internal.tokenizers.LegacyScanner.foreach(LegacyScanner.scala:1011)
	at scala.meta.internal.tokenizers.ScalametaTokenizer.uncachedTokenize(ScalametaTokenizer.scala:24)
	at scala.meta.internal.tokenizers.ScalametaTokenizer.$anonfun$tokenize$1(ScalametaTokenizer.scala:17)
	at scala.collection.concurrent.TrieMap.getOrElseUpdate(TrieMap.scala:962)
	at scala.meta.internal.tokenizers.ScalametaTokenizer.tokenize(ScalametaTokenizer.scala:17)
	at scala.meta.internal.tokenizers.ScalametaTokenizer$$anon$2.apply(ScalametaTokenizer.scala:332)
	at scala.meta.tokenizers.Api$XtensionTokenizeDialectInput.tokenize(Api.scala:25)
	at scala.meta.tokenizers.Api$XtensionTokenizeInputLike.tokenize(Api.scala:14)
	at scala.meta.internal.metals.SemanticTokensProvider$.getTokens(SemanticTokensProvider.scala:28)
	at scala.meta.internal.metals.SemanticTokensProvider$.provide(SemanticTokensProvider.scala:89)
	at scala.meta.internal.metals.Compilers.$anonfun$semanticTokens$3(Compilers.scala:539)
	at scala.concurrent.impl.Promise$Transformation.run(Promise.scala:467)
	at java.util.concurrent.ThreadPoolExecutor.runWorker(ThreadPoolExecutor.java:1136)
	at java.util.concurrent.ThreadPoolExecutor$Worker.run(ThreadPoolExecutor.java:635)
	at java.lang.Thread.run(Thread.java:833)

2023.10.22 21:36:23 ERROR Failed to tokenize input for semantic tokens for C:\Users\alext\dotsandboxes-webapp\app\controllers\HomeController.scala
scala.meta.tokenizers.TokenizeException: <input>:6: error: unclosed comment
/*
^
	at scala.meta.internal.tokenizers.Reporter.incompleteInputError(Reporter.scala:27)
	at scala.meta.internal.tokenizers.Reporter.incompleteInputError$(Reporter.scala:26)
	at scala.meta.internal.tokenizers.Reporter$$anon$1.incompleteInputError(Reporter.scala:33)
	at scala.meta.internal.tokenizers.Reporter.incompleteInputError(Reporter.scala:29)
	at scala.meta.internal.tokenizers.Reporter.incompleteInputError$(Reporter.scala:29)
	at scala.meta.internal.tokenizers.Reporter$$anon$1.incompleteInputError(Reporter.scala:33)
	at scala.meta.internal.tokenizers.LegacyScanner.skipNestedComments(LegacyScanner.scala:52)
	at scala.meta.internal.tokenizers.LegacyScanner.skipToCommentEnd(LegacyScanner.scala:71)
	at scala.meta.internal.tokenizers.LegacyScanner.fetchToken(LegacyScanner.scala:313)
	at scala.meta.internal.tokenizers.LegacyScanner.nextToken(LegacyScanner.scala:211)
	at scala.meta.internal.tokenizers.LegacyScanner.foreach(LegacyScanner.scala:1011)
	at scala.meta.internal.tokenizers.ScalametaTokenizer.uncachedTokenize(ScalametaTokenizer.scala:24)
	at scala.meta.internal.tokenizers.ScalametaTokenizer.$anonfun$tokenize$1(ScalametaTokenizer.scala:17)
	at scala.collection.concurrent.TrieMap.getOrElseUpdate(TrieMap.scala:962)
	at scala.meta.internal.tokenizers.ScalametaTokenizer.tokenize(ScalametaTokenizer.scala:17)
	at scala.meta.internal.tokenizers.ScalametaTokenizer$$anon$2.apply(ScalametaTokenizer.scala:332)
	at scala.meta.tokenizers.Api$XtensionTokenizeDialectInput.tokenize(Api.scala:25)
	at scala.meta.tokenizers.Api$XtensionTokenizeInputLike.tokenize(Api.scala:14)
	at scala.meta.internal.metals.SemanticTokensProvider$.getTokens(SemanticTokensProvider.scala:28)
	at scala.meta.internal.metals.SemanticTokensProvider$.provide(SemanticTokensProvider.scala:89)
	at scala.meta.internal.metals.Compilers.$anonfun$semanticTokens$3(Compilers.scala:539)
	at scala.concurrent.impl.Promise$Transformation.run(Promise.scala:467)
	at java.util.concurrent.ThreadPoolExecutor.runWorker(ThreadPoolExecutor.java:1136)
	at java.util.concurrent.ThreadPoolExecutor$Worker.run(ThreadPoolExecutor.java:635)
	at java.lang.Thread.run(Thread.java:833)

2023.10.22 21:36:24 ERROR Failed to tokenize input for semantic tokens for C:\Users\alext\dotsandboxes-webapp\app\controllers\HomeController.scala
scala.meta.tokenizers.TokenizeException: <input>:6: error: unclosed comment
/*
^
	at scala.meta.internal.tokenizers.Reporter.incompleteInputError(Reporter.scala:27)
	at scala.meta.internal.tokenizers.Reporter.incompleteInputError$(Reporter.scala:26)
	at scala.meta.internal.tokenizers.Reporter$$anon$1.incompleteInputError(Reporter.scala:33)
	at scala.meta.internal.tokenizers.Reporter.incompleteInputError(Reporter.scala:29)
	at scala.meta.internal.tokenizers.Reporter.incompleteInputError$(Reporter.scala:29)
	at scala.meta.internal.tokenizers.Reporter$$anon$1.incompleteInputError(Reporter.scala:33)
	at scala.meta.internal.tokenizers.LegacyScanner.skipNestedComments(LegacyScanner.scala:52)
	at scala.meta.internal.tokenizers.LegacyScanner.skipToCommentEnd(LegacyScanner.scala:71)
	at scala.meta.internal.tokenizers.LegacyScanner.fetchToken(LegacyScanner.scala:313)
	at scala.meta.internal.tokenizers.LegacyScanner.nextToken(LegacyScanner.scala:211)
	at scala.meta.internal.tokenizers.LegacyScanner.foreach(LegacyScanner.scala:1011)
	at scala.meta.internal.tokenizers.ScalametaTokenizer.uncachedTokenize(ScalametaTokenizer.scala:24)
	at scala.meta.internal.tokenizers.ScalametaTokenizer.$anonfun$tokenize$1(ScalametaTokenizer.scala:17)
	at scala.collection.concurrent.TrieMap.getOrElseUpdate(TrieMap.scala:962)
	at scala.meta.internal.tokenizers.ScalametaTokenizer.tokenize(ScalametaTokenizer.scala:17)
	at scala.meta.internal.tokenizers.ScalametaTokenizer$$anon$2.apply(ScalametaTokenizer.scala:332)
	at scala.meta.tokenizers.Api$XtensionTokenizeDialectInput.tokenize(Api.scala:25)
	at scala.meta.tokenizers.Api$XtensionTokenizeInputLike.tokenize(Api.scala:14)
	at scala.meta.internal.metals.SemanticTokensProvider$.getTokens(SemanticTokensProvider.scala:28)
	at scala.meta.internal.metals.SemanticTokensProvider$.provide(SemanticTokensProvider.scala:89)
	at scala.meta.internal.metals.Compilers.$anonfun$semanticTokens$3(Compilers.scala:539)
	at scala.concurrent.impl.Promise$Transformation.run(Promise.scala:467)
	at java.util.concurrent.ThreadPoolExecutor.runWorker(ThreadPoolExecutor.java:1136)
	at java.util.concurrent.ThreadPoolExecutor$Worker.run(ThreadPoolExecutor.java:635)
	at java.lang.Thread.run(Thread.java:833)

2023.10.22 21:36:24 ERROR Failed to tokenize input for semantic tokens for C:\Users\alext\dotsandboxes-webapp\app\controllers\HomeController.scala
scala.meta.tokenizers.TokenizeException: <input>:6: error: unclosed comment
/*
^
	at scala.meta.internal.tokenizers.Reporter.incompleteInputError(Reporter.scala:27)
	at scala.meta.internal.tokenizers.Reporter.incompleteInputError$(Reporter.scala:26)
	at scala.meta.internal.tokenizers.Reporter$$anon$1.incompleteInputError(Reporter.scala:33)
	at scala.meta.internal.tokenizers.Reporter.incompleteInputError(Reporter.scala:29)
	at scala.meta.internal.tokenizers.Reporter.incompleteInputError$(Reporter.scala:29)
	at scala.meta.internal.tokenizers.Reporter$$anon$1.incompleteInputError(Reporter.scala:33)
	at scala.meta.internal.tokenizers.LegacyScanner.skipNestedComments(LegacyScanner.scala:52)
	at scala.meta.internal.tokenizers.LegacyScanner.skipToCommentEnd(LegacyScanner.scala:71)
	at scala.meta.internal.tokenizers.LegacyScanner.fetchToken(LegacyScanner.scala:313)
	at scala.meta.internal.tokenizers.LegacyScanner.nextToken(LegacyScanner.scala:211)
	at scala.meta.internal.tokenizers.LegacyScanner.foreach(LegacyScanner.scala:1011)
	at scala.meta.internal.tokenizers.ScalametaTokenizer.uncachedTokenize(ScalametaTokenizer.scala:24)
	at scala.meta.internal.tokenizers.ScalametaTokenizer.$anonfun$tokenize$1(ScalametaTokenizer.scala:17)
	at scala.collection.concurrent.TrieMap.getOrElseUpdate(TrieMap.scala:962)
	at scala.meta.internal.tokenizers.ScalametaTokenizer.tokenize(ScalametaTokenizer.scala:17)
	at scala.meta.internal.tokenizers.ScalametaTokenizer$$anon$2.apply(ScalametaTokenizer.scala:332)
	at scala.meta.tokenizers.Api$XtensionTokenizeDialectInput.tokenize(Api.scala:25)
	at scala.meta.tokenizers.Api$XtensionTokenizeInputLike.tokenize(Api.scala:14)
	at scala.meta.internal.metals.SemanticTokensProvider$.getTokens(SemanticTokensProvider.scala:28)
	at scala.meta.internal.metals.SemanticTokensProvider$.provide(SemanticTokensProvider.scala:89)
	at scala.meta.internal.metals.Compilers.$anonfun$semanticTokens$3(Compilers.scala:539)
	at scala.concurrent.impl.Promise$Transformation.run(Promise.scala:467)
	at java.util.concurrent.ThreadPoolExecutor.runWorker(ThreadPoolExecutor.java:1136)
	at java.util.concurrent.ThreadPoolExecutor$Worker.run(ThreadPoolExecutor.java:635)
	at java.lang.Thread.run(Thread.java:833)

2023.10.22 21:36:24 ERROR Failed to tokenize input for semantic tokens for C:\Users\alext\dotsandboxes-webapp\app\controllers\HomeController.scala
scala.meta.tokenizers.TokenizeException: <input>:10: error: unclosed comment
import de.htwg.se.dotsandboxes.Default.given_FileIOInterface /*
                                                             ^
	at scala.meta.internal.tokenizers.Reporter.incompleteInputError(Reporter.scala:27)
	at scala.meta.internal.tokenizers.Reporter.incompleteInputError$(Reporter.scala:26)
	at scala.meta.internal.tokenizers.Reporter$$anon$1.incompleteInputError(Reporter.scala:33)
	at scala.meta.internal.tokenizers.Reporter.incompleteInputError(Reporter.scala:29)
	at scala.meta.internal.tokenizers.Reporter.incompleteInputError$(Reporter.scala:29)
	at scala.meta.internal.tokenizers.Reporter$$anon$1.incompleteInputError(Reporter.scala:33)
	at scala.meta.internal.tokenizers.LegacyScanner.skipNestedComments(LegacyScanner.scala:52)
	at scala.meta.internal.tokenizers.LegacyScanner.skipToCommentEnd(LegacyScanner.scala:71)
	at scala.meta.internal.tokenizers.LegacyScanner.fetchToken(LegacyScanner.scala:313)
	at scala.meta.internal.tokenizers.LegacyScanner.nextToken(LegacyScanner.scala:211)
	at scala.meta.internal.tokenizers.LegacyScanner.foreach(LegacyScanner.scala:1011)
	at scala.meta.internal.tokenizers.ScalametaTokenizer.uncachedTokenize(ScalametaTokenizer.scala:24)
	at scala.meta.internal.tokenizers.ScalametaTokenizer.$anonfun$tokenize$1(ScalametaTokenizer.scala:17)
	at scala.collection.concurrent.TrieMap.getOrElseUpdate(TrieMap.scala:962)
	at scala.meta.internal.tokenizers.ScalametaTokenizer.tokenize(ScalametaTokenizer.scala:17)
	at scala.meta.internal.tokenizers.ScalametaTokenizer$$anon$2.apply(ScalametaTokenizer.scala:332)
	at scala.meta.tokenizers.Api$XtensionTokenizeDialectInput.tokenize(Api.scala:25)
	at scala.meta.tokenizers.Api$XtensionTokenizeInputLike.tokenize(Api.scala:14)
	at scala.meta.internal.metals.SemanticTokensProvider$.getTokens(SemanticTokensProvider.scala:28)
	at scala.meta.internal.metals.SemanticTokensProvider$.provide(SemanticTokensProvider.scala:89)
	at scala.meta.internal.metals.Compilers.$anonfun$semanticTokens$3(Compilers.scala:539)
	at scala.concurrent.impl.Promise$Transformation.run(Promise.scala:467)
	at java.util.concurrent.ThreadPoolExecutor.runWorker(ThreadPoolExecutor.java:1136)
	at java.util.concurrent.ThreadPoolExecutor$Worker.run(ThreadPoolExecutor.java:635)
	at java.lang.Thread.run(Thread.java:833)

2023.10.22 21:36:27 WARN  no build target for: C:\Users\alext\dotsandboxes-webapp\app\controllers\HomeController.scala
Okt. 22, 2023 9:36:38 PM scala.meta.internal.pc.CompilerAccess handleError
SEVERE: A severe compiler error occurred, full details of the error can be found in the error report C:\Users\alext\dotsandboxes-main\.metals\.reports\metals-full\2023-10-22\r_compiler-error_21-36-38-769.md
2023.10.22 21:38:36 WARN  no build target for: C:\Users\alext\dotsandboxes-webapp\app\controllers\HomeController.scala
2023.10.22 21:41:22 WARN  no build target for: C:\Users\alext\dotsandboxes-webapp\app\controllers\HomeController.scala
2023.10.22 21:42:07 WARN  Could not find semantic tokens for: file:///C:/Users/alext/dotsandboxes-webapp/project/metals.sbt
2023.10.22 21:43:09 WARN  Could not find semantic tokens for: file:///C:/Users/alext/dotsandboxes-webapp/project/metals.sbt
2023.10.22 21:43:36 WARN  Could not find semantic tokens for: file:///C:/Users/alext/dotsandboxes-webapp/project/metals.sbt
2023.10.22 21:43:42 WARN  Could not find semantic tokens for: file:///C:/Users/alext/dotsandboxes-webapp/project/project/metals.sbt
2023.10.22 21:48:56 WARN  Could not find semantic tokens for: file:///C:/Users/alext/dotsandboxes-webapp/project/metals.sbt
2023.10.22 22:11:24 INFO  Shutting down server
2023.10.22 22:11:24 INFO  shutting down Metals
2023.10.22 22:11:24 INFO  Shut down connection with build server.
2023.10.22 22:11:24 INFO  Shut down connection with build server.
2023.10.22 22:11:24 INFO  Exiting server
2023.10.23 08:45:15 INFO  Started: Metals version 1.1.0 in folders 'C:\Users\alext\dotsandboxes-main, C:\Users\alext\dotsandboxes-webapp' for client Visual Studio Code 1.83.1.
2023.10.23 08:45:19 WARN  Build server is not auto-connectable.
2023.10.23 08:45:19 INFO  Attempting to connect to the build server...
2023.10.23 08:45:19 WARN  no build target for: C:\Users\alext\dotsandboxes-webapp\app\controllers\HomeController.scala
2023.10.23 08:45:19 INFO  Bloop uses C:\jdk-17.0.1 defined at C:\Users\alext\.bloop\bloop.json
2023.10.23 08:45:19 INFO  skipping build import with status 'Installed'
2023.10.23 08:45:29 INFO  no build target found for C:\Users\alext\dotsandboxes-webapp\app\controllers\HomeController.scala. Using presentation compiler with project's scala-library version: 3.3.1
2023.10.23 08:45:32 INFO  tracing is disabled for protocol BSP, to enable tracing of incoming and outgoing JSON messages create an empty file at C:\Users\alext\dotsandboxes-main\.metals\bsp.trace.json or C:\Users\alext\AppData\Local\scalameta\metals\cache\bsp.trace.json
2023.10.23 08:45:32 INFO  Attempting to connect to the build server...
2023.10.23 08:45:32 INFO  Bloop uses C:\jdk-17.0.1 defined at C:\Users\alext\.bloop\bloop.json
2023.10.23 08:45:32 INFO  tracing is disabled for protocol BSP, to enable tracing of incoming and outgoing JSON messages create an empty file at C:\Users\alext\dotsandboxes-main\project\.metals\bsp.trace.json or C:\Users\alext\AppData\Local\scalameta\metals\cache\bsp.trace.json
2023.10.23 08:45:32 INFO  time: Connected to build server in 14s
2023.10.23 08:45:32 INFO  Connected to Build server: Bloop v1.5.11
2023.10.23 08:45:33 INFO  time: Imported build in 0.35s
2023.10.23 08:45:36 INFO  time: code lens generation in 16s
2023.10.23 08:45:36 INFO  time: code lens generation in 5.55s
2023.10.23 08:45:36 INFO  time: code lens generation in 10s
2023.10.23 08:45:49 INFO  time: indexed workspace in 16s
2023.10.23 08:45:49 WARN  no build target for: C:\Users\alext\dotsandboxes-webapp\app\controllers\HomeController.scala
2023.10.23 08:48:49 WARN  no build target for: C:\Users\alext\dotsandboxes-main\dotsandboxes\src\main\scala\de\htwg\se\dotsandboxes\controller\controllerComponent\controllerImpl\Controller.scala
Okt. 23, 2023 8:48:49 AM scala.meta.internal.pc.CompilerAccess handleError
SEVERE: A severe compiler error occurred, full details of the error can be found in the error report C:\Users\alext\dotsandboxes-main\.metals\.reports\metals-full\2023-10-23\r_compiler-error_08-48-49-940.md
Okt. 23, 2023 8:48:50 AM scala.meta.internal.pc.CompilerAccess handleError
SEVERE: A severe compiler error occurred, full details of the error can be found in the error report C:\Users\alext\dotsandboxes-main\.metals\.reports\metals-full\2023-10-23\r_compiler-error_08-48-50-442.md
2023.10.23 08:51:50 WARN  no build target for: C:\Users\alext\dotsandboxes-main\dotsandboxes\src\main\scala\de\htwg\se\dotsandboxes\aview\TUI.scala
Okt. 23, 2023 8:51:51 AM scala.meta.internal.pc.CompilerAccess handleError
SEVERE: A severe compiler error occurred, full details of the error can be found in the error report C:\Users\alext\dotsandboxes-main\.metals\.reports\metals-full\2023-10-23\r_compiler-error_08-51-51-044.md
Okt. 23, 2023 8:51:51 AM scala.meta.internal.pc.CompilerAccess handleError
SEVERE: A severe compiler error occurred, full details of the error can be found in the error report C:\Users\alext\dotsandboxes-main\.metals\.reports\metals-full\2023-10-23\r_compiler-error_08-51-51-470.md
Okt. 23, 2023 8:51:59 AM org.eclipse.lsp4j.jsonrpc.RemoteEndpoint handleCancellation
WARNING: Unmatched cancel notification for request id 88
Okt. 23, 2023 8:52:05 AM scala.meta.internal.pc.CompilerAccess handleError
SEVERE: A severe compiler error occurred, full details of the error can be found in the error report C:\Users\alext\dotsandboxes-main\.metals\.reports\metals-full\2023-10-23\r_compiler-error_08-52-05-466.md
Okt. 23, 2023 8:53:34 AM scala.meta.internal.pc.CompilerAccess handleError
SEVERE: A severe compiler error occurred, full details of the error can be found in the error report C:\Users\alext\dotsandboxes-main\.metals\.reports\metals-full\2023-10-23\r_compiler-error_08-53-34-091.md
2023.10.23 08:54:07 WARN  no build target for: C:\Users\alext\dotsandboxes-webapp\app\controllers\HomeController.scala
2023.10.23 08:55:20 WARN  Using indexes to guess the definition of asText
2023.10.23 08:55:21 WARN  no build target for: C:\Users\alext\dotsandboxes-webapp\app\controllers\HomeController.scala
2023.10.23 08:58:23 WARN  no build target for: C:\Users\alext\dotsandboxes-webapp\app\controllers\HomeController.scala
Okt. 23, 2023 8:58:39 AM org.eclipse.lsp4j.jsonrpc.RemoteEndpoint fallbackResponseError
SEVERE: Internal error: java.lang.UnsupportedOperationException: tail of empty list
java.util.concurrent.CompletionException: java.lang.UnsupportedOperationException: tail of empty list
	at java.base/java.util.concurrent.CompletableFuture.encodeThrowable(CompletableFuture.java:332)
	at java.base/java.util.concurrent.CompletableFuture.completeThrowable(CompletableFuture.java:347)
	at java.base/java.util.concurrent.CompletableFuture$UniAccept.tryFire(CompletableFuture.java:708)
	at java.base/java.util.concurrent.CompletableFuture.postComplete(CompletableFuture.java:510)
	at java.base/java.util.concurrent.CompletableFuture.completeExceptionally(CompletableFuture.java:2162)
	at scala.meta.internal.metals.CancelTokens$.$anonfun$future$1(CancelTokens.scala:40)
	at scala.meta.internal.metals.CancelTokens$.$anonfun$future$1$adapted(CancelTokens.scala:38)
	at scala.concurrent.impl.Promise$Transformation.run(Promise.scala:484)
	at java.base/java.util.concurrent.ThreadPoolExecutor.runWorker(ThreadPoolExecutor.java:1136)
	at java.base/java.util.concurrent.ThreadPoolExecutor$Worker.run(ThreadPoolExecutor.java:635)
	at java.base/java.lang.Thread.run(Thread.java:833)
Caused by: java.lang.UnsupportedOperationException: tail of empty list
	at scala.collection.immutable.Nil$.tail(List.scala:664)
	at scala.collection.immutable.Nil$.tail(List.scala:661)
	at scala.meta.internal.metals.codeactions.CreateCompanionObjectCodeAction.$anonfun$endPosOfTree$1(CreateCompanionObjectCodeAction.scala:77)
	at scala.Option.flatMap(Option.scala:283)
	at scala.meta.internal.metals.codeactions.CreateCompanionObjectCodeAction.endPosOfTree(CreateCompanionObjectCodeAction.scala:75)
	at scala.meta.internal.metals.codeactions.CreateCompanionObjectCodeAction.$anonfun$contribute$5(CreateCompanionObjectCodeAction.scala:61)
	at scala.Option.map(Option.scala:242)
	at scala.meta.internal.metals.codeactions.CreateCompanionObjectCodeAction.$anonfun$contribute$4(CreateCompanionObjectCodeAction.scala:58)
	at scala.Option$WithFilter.flatMap(Option.scala:283)
	at scala.meta.internal.metals.codeactions.CreateCompanionObjectCodeAction.$anonfun$contribute$2(CreateCompanionObjectCodeAction.scala:56)
	at scala.Option.flatMap(Option.scala:283)
	at scala.meta.internal.metals.codeactions.CreateCompanionObjectCodeAction.$anonfun$contribute$1(CreateCompanionObjectCodeAction.scala:55)
	at scala.concurrent.Future$.$anonfun$apply$1(Future.scala:687)
	at scala.concurrent.impl.Promise$Transformation.run(Promise.scala:467)
	... 3 more

2023.10.23 08:58:40 WARN  Using indexes to guess the definition of asText
2023.10.23 08:58:40 WARN  Using indexes to guess the definition of asText
2023.10.23 08:58:40 WARN  no build target for: C:\Users\alext\dotsandboxes-webapp\app\controllers\HomeController.scala
2023.10.23 08:58:47 WARN  no build target for: C:\Users\alext\dotsandboxes-webapp\app\controllers\HomeController.scala
Okt. 23, 2023 9:13:09 AM org.eclipse.lsp4j.jsonrpc.services.GenericEndpoint notify
INFO: Unsupported notification method: $/setTrace
Okt. 23, 2023 9:17:10 AM scala.meta.internal.pc.CompilerAccess handleError
SEVERE: A severe compiler error occurred, full details of the error can be found in the error report C:\Users\alext\dotsandboxes-main\.metals\.reports\metals-full\2023-10-23\r_compiler-error_09-17-10-179.md
2023.10.23 09:17:57 WARN  no build target for: C:\Users\alext\dotsandboxes-webapp\app\controllers\HomeController.scala
Okt. 23, 2023 9:18:21 AM scala.meta.internal.pc.CompilerAccess handleError
SEVERE: A severe compiler error occurred, full details of the error can be found in the error report C:\Users\alext\dotsandboxes-main\.metals\.reports\metals-full\2023-10-23\r_compiler-error_09-18-21-360.md
Okt. 23, 2023 9:19:28 AM scala.meta.internal.pc.CompilerAccess handleError
SEVERE: A severe compiler error occurred, full details of the error can be found in the error report C:\Users\alext\dotsandboxes-main\.metals\.reports\metals-full\2023-10-23\r_compiler-error_09-19-28-801.md
Okt. 23, 2023 9:19:52 AM org.eclipse.lsp4j.jsonrpc.RemoteEndpoint handleCancellation
WARNING: Unmatched cancel notification for request id 569
2023.10.23 09:20:07 WARN  no build target for: C:\Users\alext\dotsandboxes-webapp\app\controllers\HomeController.scala
2023.10.23 09:23:39 WARN  no build target for: C:\Users\alext\dotsandboxes-webapp\app\controllers\HomeController.scala
Okt. 23, 2023 9:24:20 AM scala.meta.internal.pc.CompilerAccess handleError
SEVERE: A severe compiler error occurred, full details of the error can be found in the error report C:\Users\alext\dotsandboxes-main\.metals\.reports\metals-full\2023-10-23\r_compiler-error_09-24-20-130.md
Okt. 23, 2023 9:24:42 AM scala.meta.internal.pc.CompilerAccess handleError
SEVERE: A severe compiler error occurred, full details of the error can be found in the error report C:\Users\alext\dotsandboxes-main\.metals\.reports\metals-full\2023-10-23\r_compiler-error_09-24-42-144.md
Okt. 23, 2023 9:24:52 AM scala.meta.internal.pc.CompilerAccess handleError
SEVERE: A severe compiler error occurred, full details of the error can be found in the error report C:\Users\alext\dotsandboxes-main\.metals\.reports\metals-full\2023-10-23\r_compiler-error_09-24-52-871.md
Okt. 23, 2023 9:25:02 AM scala.meta.internal.pc.CompilerAccess handleError
SEVERE: A severe compiler error occurred, full details of the error can be found in the error report C:\Users\alext\dotsandboxes-main\.metals\.reports\metals-full\2023-10-23\r_compiler-error_09-25-02-622.md
Okt. 23, 2023 9:25:24 AM scala.meta.internal.pc.CompilerAccess handleError
SEVERE: A severe compiler error occurred, full details of the error can be found in the error report C:\Users\alext\dotsandboxes-main\.metals\.reports\metals-full\2023-10-23\r_compiler-error_09-25-24-073.md
Okt. 23, 2023 9:35:11 AM org.eclipse.lsp4j.jsonrpc.RemoteEndpoint handleCancellation
WARNING: Unmatched cancel notification for request id 878
2023.10.23 09:35:48 WARN  no build target for: C:\Users\alext\dotsandboxes-webapp\app\controllers\HomeController.scala
2023.10.23 09:53:15 INFO  Shutting down server
2023.10.23 09:53:15 INFO  shutting down Metals
2023.10.23 09:53:15 INFO  Shut down connection with build server.
2023.10.23 09:53:15 INFO  Shut down connection with build server.
2023.10.23 09:53:15 INFO  Exiting server
2023.10.23 17:40:57 INFO  Started: Metals version 1.1.0 in folders 'C:\Users\alext\dotsandboxes-main, C:\Users\alext\dotsandboxes-webapp' for client Visual Studio Code 1.83.1.
2023.10.23 17:41:01 WARN  Build server is not auto-connectable.
2023.10.23 17:41:01 INFO  Attempting to connect to the build server...
2023.10.23 17:41:01 INFO  Bloop uses C:\jdk-17.0.1 defined at C:\Users\alext\.bloop\bloop.json
2023.10.23 17:41:02 INFO  skipping build import with status 'Installed'
2023.10.23 17:41:14 INFO  tracing is disabled for protocol BSP, to enable tracing of incoming and outgoing JSON messages create an empty file at C:\Users\alext\dotsandboxes-main\.metals\bsp.trace.json or C:\Users\alext\AppData\Local\scalameta\metals\cache\bsp.trace.json
2023.10.23 17:41:14 INFO  Attempting to connect to the build server...
2023.10.23 17:41:14 INFO  Bloop uses C:\jdk-17.0.1 defined at C:\Users\alext\.bloop\bloop.json
2023.10.23 17:41:14 INFO  tracing is disabled for protocol BSP, to enable tracing of incoming and outgoing JSON messages create an empty file at C:\Users\alext\dotsandboxes-main\project\.metals\bsp.trace.json or C:\Users\alext\AppData\Local\scalameta\metals\cache\bsp.trace.json
2023.10.23 17:41:14 INFO  time: Connected to build server in 13s
2023.10.23 17:41:14 INFO  Connected to Build server: Bloop v1.5.11
2023.10.23 17:41:15 INFO  time: Imported build in 0.32s
2023.10.23 17:41:33 INFO  time: indexed workspace in 18s
2023.10.23 17:50:07 WARN  no build target for: C:\Users\alext\dotsandboxes-main\dotsandboxes\src\main\scala\de\htwg\se\dotsandboxes\aview\GUI.scala
Okt. 23, 2023 5:50:09 PM scala.meta.internal.pc.CompilerAccess handleError
SEVERE: A severe compiler error occurred, full details of the error can be found in the error report C:\Users\alext\dotsandboxes-main\.metals\.reports\metals-full\2023-10-23\r_compiler-error_17-50-08-993.md
Okt. 23, 2023 5:50:09 PM scala.meta.internal.pc.CompilerAccess handleError
SEVERE: A severe compiler error occurred, full details of the error can be found in the error report C:\Users\alext\dotsandboxes-main\.metals\.reports\metals-full\2023-10-23\r_compiler-error_17-50-09-565.md
2023.10.23 17:50:09 INFO  time: code lens generation in 1.06s
2023.10.23 17:50:47 WARN  no build target for: C:\Users\alext\dotsandboxes-main\dotsandboxes\src\main\scala\de\htwg\se\dotsandboxes\aview\GUI.scala
Okt. 23, 2023 5:50:47 PM scala.meta.internal.pc.CompilerAccess handleError
SEVERE: A severe compiler error occurred, full details of the error can be found in the error report C:\Users\alext\dotsandboxes-main\.metals\.reports\metals-full\2023-10-23\r_compiler-error_17-50-47-865.md
Okt. 23, 2023 5:50:48 PM scala.meta.internal.pc.CompilerAccess handleError
SEVERE: A severe compiler error occurred, full details of the error can be found in the error report C:\Users\alext\dotsandboxes-main\.metals\.reports\metals-full\2023-10-23\r_compiler-error_17-50-48-361.md
2023.10.23 18:22:03 WARN  no build target for: C:\Users\alext\dotsandboxes-main\dotsandboxes\src\main\scala\de\htwg\se\dotsandboxes\controller\controllerComponent\controllerImpl\Controller.scala
Okt. 23, 2023 6:22:03 PM scala.meta.internal.pc.CompilerAccess handleError
SEVERE: A severe compiler error occurred, full details of the error can be found in the error report C:\Users\alext\dotsandboxes-main\.metals\.reports\metals-full\2023-10-23\r_compiler-error_18-22-03-973.md
Okt. 23, 2023 6:22:04 PM scala.meta.internal.pc.CompilerAccess handleError
SEVERE: A severe compiler error occurred, full details of the error can be found in the error report C:\Users\alext\dotsandboxes-main\.metals\.reports\metals-full\2023-10-23\r_compiler-error_18-22-04-540.md
2023.10.23 18:22:10 WARN  no build target for: C:\Users\alext\dotsandboxes-main\dotsandboxes\src\main\scala\de\htwg\se\dotsandboxes\aview\Template.scala
Okt. 23, 2023 6:22:10 PM scala.meta.internal.pc.CompilerAccess handleError
SEVERE: A severe compiler error occurred, full details of the error can be found in the error report C:\Users\alext\dotsandboxes-main\.metals\.reports\metals-full\2023-10-23\r_compiler-error_18-22-10-329.md
Okt. 23, 2023 6:22:10 PM scala.meta.internal.pc.CompilerAccess handleError
SEVERE: A severe compiler error occurred, full details of the error can be found in the error report C:\Users\alext\dotsandboxes-main\.metals\.reports\metals-full\2023-10-23\r_compiler-error_18-22-10-670.md
Okt. 23, 2023 6:22:12 PM scala.meta.internal.pc.CompilerAccess handleError
SEVERE: A severe compiler error occurred, full details of the error can be found in the error report C:\Users\alext\dotsandboxes-main\.metals\.reports\metals-full\2023-10-23\r_compiler-error_18-22-12-889.md
Okt. 23, 2023 6:22:16 PM scala.meta.internal.pc.CompilerAccess handleError
SEVERE: A severe compiler error occurred, full details of the error can be found in the error report C:\Users\alext\dotsandboxes-main\.metals\.reports\metals-full\2023-10-23\r_compiler-error_18-22-16-156.md
Okt. 23, 2023 6:22:16 PM scala.meta.internal.pc.CompilerAccess handleError
SEVERE: A severe compiler error occurred, full details of the error can be found in the error report C:\Users\alext\dotsandboxes-main\.metals\.reports\metals-full\2023-10-23\r_compiler-error_18-22-16-304.md
Okt. 23, 2023 6:22:16 PM scala.meta.internal.pc.CompilerAccess handleError
SEVERE: A severe compiler error occurred, full details of the error can be found in the error report C:\Users\alext\dotsandboxes-main\.metals\.reports\metals-full\2023-10-23\r_compiler-error_18-22-16-472.md
Okt. 23, 2023 6:22:16 PM scala.meta.internal.pc.CompilerAccess handleError
SEVERE: A severe compiler error occurred, full details of the error can be found in the error report C:\Users\alext\dotsandboxes-main\.metals\.reports\metals-full\2023-10-23\r_compiler-error_18-22-16-579.md
Okt. 23, 2023 6:22:18 PM scala.meta.internal.pc.CompilerAccess handleError
SEVERE: A severe compiler error occurred, full details of the error can be found in the error report C:\Users\alext\dotsandboxes-main\.metals\.reports\metals-full\2023-10-23\r_compiler-error_18-22-18-364.md
2023.10.23 19:40:21 WARN  no build target for: C:\Users\alext\dotsandboxes-webapp\app\controllers\HomeController.scala
2023.10.23 19:40:22 INFO  no build target found for C:\Users\alext\dotsandboxes-webapp\app\controllers\HomeController.scala. Using presentation compiler with project's scala-library version: 3.3.1
2023.10.23 19:40:25 INFO  time: code lens generation in 3.81s
2023.10.23 19:40:47 WARN  no build target for: C:\Users\alext\dotsandboxes-webapp\app\controllers\HomeController.scala
Okt. 23, 2023 7:44:07 PM org.eclipse.lsp4j.jsonrpc.services.GenericEndpoint notify
INFO: Unsupported notification method: $/setTrace
2023.10.23 19:51:50 WARN  no build target for: C:\Users\alext\dotsandboxes-webapp\app\controllers\HomeController.scala
2023.10.23 19:51:51 WARN  no build target for: C:\Users\alext\dotsandboxes-webapp\app\controllers\HomeController.scala
2023.10.23 19:51:52 WARN  no build target for: C:\Users\alext\dotsandboxes-webapp\app\controllers\HomeController.scala
2023.10.23 19:51:55 WARN  no build target for: C:\Users\alext\dotsandboxes-webapp\app\controllers\HomeController.scala
2023.10.23 19:52:04 WARN  Using indexes to guess the definition of asText
2023.10.23 19:52:04 WARN  Using indexes to guess the definition of asText
2023.10.23 19:52:09 WARN  no build target for: C:\Users\alext\dotsandboxes-webapp\app\controllers\HomeController.scala
2023.10.23 19:59:16 WARN  no build target for: C:\Users\alext\dotsandboxes-main\dotsandboxes\src\main\scala\de\htwg\se\dotsandboxes\model\fieldComponent\fieldImpl\Move.scala
2023.10.23 19:59:33 WARN  no build target for: C:\Users\alext\dotsandboxes-webapp\app\controllers\HomeController.scala
2023.10.23 19:59:38 WARN  Using indexes to guess the definition of move
2023.10.23 19:59:41 WARN  no build target for: C:\Users\alext\dotsandboxes-webapp\app\controllers\HomeController.scala
2023.10.23 20:00:18 WARN  no build target for: C:\Users\alext\dotsandboxes-webapp\app\controllers\HomeController.scala
Okt. 23, 2023 8:01:39 PM org.eclipse.lsp4j.jsonrpc.RemoteEndpoint handleCancellation
WARNING: Unmatched cancel notification for request id 377
Okt. 23, 2023 8:02:02 PM org.eclipse.lsp4j.jsonrpc.RemoteEndpoint handleCancellation
WARNING: Unmatched cancel notification for request id 418
2023.10.23 20:02:28 WARN  no build target for: C:\Users\alext\dotsandboxes-webapp\app\controllers\HomeController.scala
2023.10.23 20:04:06 WARN  no build target for: C:\Users\alext\dotsandboxes-webapp\app\controllers\HomeController.scala
Okt. 23, 2023 8:04:43 PM org.eclipse.lsp4j.jsonrpc.RemoteEndpoint handleCancellation
WARNING: Unmatched cancel notification for request id 576
2023.10.23 20:04:46 WARN  no build target for: C:\Users\alext\dotsandboxes-webapp\app\controllers\HomeController.scala
2023.10.23 20:07:52 WARN  no build target for: C:\Users\alext\dotsandboxes-webapp\app\controllers\HomeController.scala
2023.10.23 20:08:03 WARN  no build target for: C:\Users\alext\dotsandboxes-webapp\app\controllers\HomeController.scala
2023.10.23 20:24:02 WARN  no build target for: C:\Users\alext\dotsandboxes-webapp\app\controllers\HomeController.scala
Okt. 23, 2023 8:24:02 PM org.eclipse.lsp4j.jsonrpc.RemoteEndpoint handleCancellation
WARNING: Unmatched cancel notification for request id 703
2023.10.23 20:24:02 WARN  no build target for: C:\Users\alext\dotsandboxes-webapp\app\controllers\HomeController.scala
2023.10.23 20:24:02 WARN  no build target for: C:\Users\alext\dotsandboxes-webapp\app\controllers\HomeController.scala
2023.10.23 20:24:32 WARN  no build target for: C:\Users\alext\dotsandboxes-webapp\app\controllers\HomeController.scala
2023.10.23 20:45:56 WARN  no build target for: C:\Users\alext\dotsandboxes-webapp\app\controllers\HomeController.scala
2023.10.23 20:46:27 WARN  no build target for: C:\Users\alext\dotsandboxes-webapp\app\controllers\HomeController.scala
Okt. 23, 2023 8:51:07 PM scala.meta.internal.pc.CompilerAccess handleError
SEVERE: A severe compiler error occurred, full details of the error can be found in the error report C:\Users\alext\dotsandboxes-main\.metals\.reports\metals-full\2023-10-23\r_compiler-error_20-51-07-122.md
2023.10.23 20:51:07 WARN  no build target for: C:\Users\alext\dotsandboxes-main\dotsandboxes\src\main\scala\de\htwg\se\dotsandboxes\controller\controllerComponent\controllerImpl\Controller.scala
Okt. 23, 2023 8:51:07 PM scala.meta.internal.pc.CompilerAccess handleError
SEVERE: A severe compiler error occurred, full details of the error can be found in the error report C:\Users\alext\dotsandboxes-main\.metals\.reports\metals-full\2023-10-23\r_compiler-error_20-51-07-507.md
2023.10.23 20:52:38 WARN  Using indexes to guess the definition of asText
2023.10.23 20:52:39 WARN  Using indexes to guess the definition of asText
2023.10.23 20:52:40 WARN  Using indexes to guess the definition of controller
2023.10.23 20:52:41 WARN  no build target for: C:\Users\alext\dotsandboxes-webapp\app\controllers\HomeController.scala
2023.10.23 20:53:02 WARN  no build target for: C:\Users\alext\dotsandboxes-webapp\app\controllers\HomeController.scala
2023.10.23 20:53:23 WARN  no build target for: C:\Users\alext\dotsandboxes-webapp\app\controllers\HomeController.scala
2023.10.23 20:53:37 WARN  no build target for: C:\Users\alext\dotsandboxes-main\dotsandboxes\src\main\scala\de\htwg\se\dotsandboxes\aview\GUI.scala
Okt. 23, 2023 8:53:37 PM scala.meta.internal.pc.CompilerAccess handleError
SEVERE: A severe compiler error occurred, full details of the error can be found in the error report C:\Users\alext\dotsandboxes-main\.metals\.reports\metals-full\2023-10-23\r_compiler-error_20-53-37-716.md
Okt. 23, 2023 8:53:38 PM scala.meta.internal.pc.CompilerAccess handleError
SEVERE: A severe compiler error occurred, full details of the error can be found in the error report C:\Users\alext\dotsandboxes-main\.metals\.reports\metals-full\2023-10-23\r_compiler-error_20-53-38-064.md
2023.10.23 20:53:37 WARN  no build target for: C:\Users\alext\dotsandboxes-main\dotsandboxes\src\main\scala\de\htwg\se\dotsandboxes\aview\TUI.scala
Okt. 23, 2023 8:53:38 PM scala.meta.internal.pc.CompilerAccess handleError
SEVERE: A severe compiler error occurred, full details of the error can be found in the error report C:\Users\alext\dotsandboxes-main\.metals\.reports\metals-full\2023-10-23\r_compiler-error_20-53-38-540.md
Okt. 23, 2023 8:53:38 PM scala.meta.internal.pc.CompilerAccess handleError
SEVERE: A severe compiler error occurred, full details of the error can be found in the error report C:\Users\alext\dotsandboxes-main\.metals\.reports\metals-full\2023-10-23\r_compiler-error_20-53-38-909.md
Okt. 23, 2023 8:53:53 PM scala.meta.internal.pc.CompilerAccess handleError
SEVERE: A severe compiler error occurred, full details of the error can be found in the error report C:\Users\alext\dotsandboxes-main\.metals\.reports\metals-full\2023-10-23\r_compiler-error_20-53-53-627.md
Okt. 23, 2023 8:53:53 PM scala.meta.internal.pc.CompilerAccess handleError
SEVERE: A severe compiler error occurred, full details of the error can be found in the error report C:\Users\alext\dotsandboxes-main\.metals\.reports\metals-full\2023-10-23\r_compiler-error_20-53-53-666.md
2023.10.23 20:53:59 WARN  Using indexes to guess the definition of controller
2023.10.23 20:53:59 WARN  Using indexes to guess the definition of controller
Okt. 23, 2023 8:53:59 PM org.eclipse.lsp4j.jsonrpc.RemoteEndpoint handleCancellation
WARNING: Unmatched cancel notification for request id 951
2023.10.23 20:53:59 WARN  Using indexes to guess the definition of controller
2023.10.23 20:53:59 WARN  Using indexes to guess the definition of asText
2023.10.23 20:54:02 WARN  Using indexes to guess the definition of controller
2023.10.23 20:54:02 WARN  Using indexes to guess the definition of controller
2023.10.23 20:54:02 WARN  Using indexes to guess the definition of controller
2023.10.23 20:54:02 WARN  Using indexes to guess the definition of controller
2023.10.23 20:54:02 WARN  Using indexes to guess the definition of undo
2023.10.23 20:54:05 WARN  no build target for: C:\Users\alext\dotsandboxes-webapp\app\controllers\HomeController.scala
2023.10.23 20:56:10 WARN  no build target for: C:\Users\alext\dotsandboxes-main\dotsandboxes\src\main\scala\de\htwg\se\dotsandboxes\aview\TUI.scala
Okt. 23, 2023 8:56:10 PM scala.meta.internal.pc.CompilerAccess handleError
SEVERE: A severe compiler error occurred, full details of the error can be found in the error report C:\Users\alext\dotsandboxes-main\.metals\.reports\metals-full\2023-10-23\r_compiler-error_20-56-10-721.md
Okt. 23, 2023 8:56:11 PM scala.meta.internal.pc.CompilerAccess handleError
SEVERE: A severe compiler error occurred, full details of the error can be found in the error report C:\Users\alext\dotsandboxes-main\.metals\.reports\metals-full\2023-10-23\r_compiler-error_20-56-11-104.md
2023.10.23 20:56:58 WARN  no build target for: C:\Users\alext\dotsandboxes-webapp\app\controllers\HomeController.scala
2023.10.23 21:37:27 WARN  no build target for: C:\Users\alext\dotsandboxes-main\dotsandboxes\src\main\scala\de\htwg\se\dotsandboxes\DotsAndBoxes.scala
Okt. 23, 2023 9:37:27 PM scala.meta.internal.pc.CompilerAccess handleError
SEVERE: A severe compiler error occurred, full details of the error can be found in the error report C:\Users\alext\dotsandboxes-main\.metals\.reports\metals-full\2023-10-23\r_compiler-error_21-37-27-246.md
Okt. 23, 2023 9:37:27 PM scala.meta.internal.pc.CompilerAccess handleError
SEVERE: A severe compiler error occurred, full details of the error can be found in the error report C:\Users\alext\dotsandboxes-main\.metals\.reports\metals-full\2023-10-23\r_compiler-error_21-37-27-594.md
2023.10.23 21:39:17 WARN  no build target for: C:\Users\alext\dotsandboxes-main\dotsandboxes\src\main\scala\de\htwg\se\dotsandboxes\aview\TUI.scala
Okt. 23, 2023 9:39:17 PM scala.meta.internal.pc.CompilerAccess handleError
SEVERE: A severe compiler error occurred, full details of the error can be found in the error report C:\Users\alext\dotsandboxes-main\.metals\.reports\metals-full\2023-10-23\r_compiler-error_21-39-17-145.md
Okt. 23, 2023 9:39:17 PM scala.meta.internal.pc.CompilerAccess handleError
SEVERE: A severe compiler error occurred, full details of the error can be found in the error report C:\Users\alext\dotsandboxes-main\.metals\.reports\metals-full\2023-10-23\r_compiler-error_21-39-17-507.md
2023.10.23 21:40:21 WARN  no build target for: C:\Users\alext\dotsandboxes-webapp\app\controllers\HomeController.scala
2023.10.23 21:46:05 WARN  no build target for: C:\Users\alext\dotsandboxes-webapp\app\controllers\HomeController.scala
2023.10.23 21:46:05 WARN  no build target for: C:\Users\alext\dotsandboxes-webapp\app\controllers\HomeController.scala
2023.10.23 21:46:10 WARN  no build target for: C:\Users\alext\dotsandboxes-webapp\app\controllers\HomeController.scala
2023.10.23 21:46:16 WARN  no build target for: C:\Users\alext\dotsandboxes-webapp\app\controllers\HomeController.scala
2023.10.23 21:47:04 WARN  no build target for: C:\Users\alext\dotsandboxes-webapp\app\controllers\HomeController.scala
2023.10.23 21:47:06 WARN  no build target for: C:\Users\alext\dotsandboxes-webapp\app\controllers\HomeController.scala
2023.10.23 21:47:08 WARN  no build target for: C:\Users\alext\dotsandboxes-webapp\app\controllers\HomeController.scala
2023.10.23 21:48:39 WARN  no build target for: C:\Users\alext\dotsandboxes-webapp\app\controllers\HomeController.scala
Okt. 23, 2023 9:48:51 PM org.eclipse.lsp4j.jsonrpc.RemoteEndpoint handleCancellation
WARNING: Unmatched cancel notification for request id 1457
2023.10.23 21:49:02 WARN  no build target for: C:\Users\alext\dotsandboxes-webapp\app\controllers\HomeController.scala
2023.10.23 21:50:44 WARN  no build target for: C:\Users\alext\dotsandboxes-webapp\app\controllers\HomeController.scala
2023.10.23 21:51:09 WARN  no build target for: C:\Users\alext\dotsandboxes-webapp\app\controllers\HomeController.scala
2023.10.23 21:51:10 WARN  no build target for: C:\Users\alext\dotsandboxes-webapp\app\controllers\HomeController.scala
2023.10.23 21:51:43 WARN  no build target for: C:\Users\alext\dotsandboxes-webapp\app\controllers\HomeController.scala
2023.10.23 21:53:47 WARN  no build target for: C:\Users\alext\dotsandboxes-webapp\app\controllers\HomeController.scala
2023.10.23 21:53:52 WARN  no build target for: C:\Users\alext\dotsandboxes-webapp\app\controllers\HomeController.scala
2023.10.23 21:54:05 WARN  no build target for: C:\Users\alext\dotsandboxes-webapp\app\controllers\HomeController.scala
2023.10.23 22:03:28 WARN  no build target for: C:\Users\alext\dotsandboxes-main\dotsandboxes\src\main\scala\de\htwg\se\dotsandboxes\DotsAndBoxes.scala
Okt. 23, 2023 10:03:28 PM scala.meta.internal.pc.CompilerAccess handleError
SEVERE: A severe compiler error occurred, full details of the error can be found in the error report C:\Users\alext\dotsandboxes-main\.metals\.reports\metals-full\2023-10-23\r_compiler-error_22-03-28-357.md
Okt. 23, 2023 10:03:28 PM scala.meta.internal.pc.CompilerAccess handleError
SEVERE: A severe compiler error occurred, full details of the error can be found in the error report C:\Users\alext\dotsandboxes-main\.metals\.reports\metals-full\2023-10-23\r_compiler-error_22-03-28-724.md
2023.10.23 22:15:15 WARN  no build target for: C:\Users\alext\dotsandboxes-main\dotsandboxes\project\plugins.sbt
2023.10.23 22:15:27 WARN  no build target for: C:\Users\alext\dotsandboxes-main\dotsandboxes\project\metals.sbt
2023.10.23 22:15:48 WARN  no build target for: C:\Users\alext\dotsandboxes-main\dotsandboxes\src\main\scala\de\htwg\se\dotsandboxes\Default.scala
Okt. 23, 2023 10:15:48 PM scala.meta.internal.pc.CompilerAccess handleError
SEVERE: A severe compiler error occurred, full details of the error can be found in the error report C:\Users\alext\dotsandboxes-main\.metals\.reports\metals-full\2023-10-23\r_compiler-error_22-15-48-245.md
Okt. 23, 2023 10:15:48 PM scala.meta.internal.pc.CompilerAccess handleError
SEVERE: A severe compiler error occurred, full details of the error can be found in the error report C:\Users\alext\dotsandboxes-main\.metals\.reports\metals-full\2023-10-23\r_compiler-error_22-15-48-608.md
2023.10.23 22:20:29 WARN  no build target for: C:\Users\alext\dotsandboxes-main\dotsandboxes\src\main\scala\de\htwg\se\dotsandboxes\model\fieldComponent\fieldImpl\Connectors.scala
Okt. 23, 2023 10:20:29 PM scala.meta.internal.pc.CompilerAccess handleError
SEVERE: A severe compiler error occurred, full details of the error can be found in the error report C:\Users\alext\dotsandboxes-main\.metals\.reports\metals-full\2023-10-23\r_compiler-error_22-20-29-581.md
Okt. 23, 2023 10:20:29 PM scala.meta.internal.pc.CompilerAccess handleError
SEVERE: A severe compiler error occurred, full details of the error can be found in the error report C:\Users\alext\dotsandboxes-main\.metals\.reports\metals-full\2023-10-23\r_compiler-error_22-20-29-932.md
2023.10.23 22:20:31 WARN  no build target for: C:\Users\alext\dotsandboxes-main\dotsandboxes\src\main\scala\de\htwg\se\dotsandboxes\model\fieldComponent\fieldImpl\Field.scala
Okt. 23, 2023 10:20:31 PM scala.meta.internal.pc.CompilerAccess handleError
SEVERE: A severe compiler error occurred, full details of the error can be found in the error report C:\Users\alext\dotsandboxes-main\.metals\.reports\metals-full\2023-10-23\r_compiler-error_22-20-31-310.md
Okt. 23, 2023 10:20:31 PM scala.meta.internal.pc.CompilerAccess handleError
SEVERE: A severe compiler error occurred, full details of the error can be found in the error report C:\Users\alext\dotsandboxes-main\.metals\.reports\metals-full\2023-10-23\r_compiler-error_22-20-31-616.md
2023.10.23 22:20:35 WARN  no build target for: C:\Users\alext\dotsandboxes-main\dotsandboxes\src\main\scala\de\htwg\se\dotsandboxes\model\fieldComponent\fieldImpl\Move.scala
Okt. 23, 2023 10:20:38 PM scala.meta.internal.pc.CompilerAccess handleError
SEVERE: A severe compiler error occurred, full details of the error can be found in the error report C:\Users\alext\dotsandboxes-main\.metals\.reports\metals-full\2023-10-23\r_compiler-error_22-20-38-678.md
2023.10.23 22:21:38 INFO  Shutting down server
2023.10.23 22:21:38 INFO  shutting down Metals
2023.10.23 22:21:38 INFO  Shut down connection with build server.
2023.10.23 22:21:38 INFO  Shut down connection with build server.
2023.10.23 22:21:38 INFO  Exiting server
2023.10.24 07:57:02 INFO  Started: Metals version 1.1.0 in folders 'C:\Users\alext\dotsandboxes-main, C:\Users\alext\dotsandboxes-webapp' for client Visual Studio Code 1.83.1.
2023.10.24 07:57:05 WARN  Build server is not auto-connectable.
2023.10.24 07:57:05 INFO  Attempting to connect to the build server...
2023.10.24 07:57:06 WARN  no build target for: C:\Users\alext\dotsandboxes-webapp\app\controllers\HomeController.scala
2023.10.24 07:57:06 INFO  skipping build import with status 'Installed'
2023.10.24 07:57:05 INFO  Bloop uses C:\jdk-17.0.1 defined at C:\Users\alext\.bloop\bloop.json
2023.10.24 07:57:16 INFO  no build target found for C:\Users\alext\dotsandboxes-webapp\app\controllers\HomeController.scala. Using presentation compiler with project's scala-library version: 3.3.1
2023.10.24 07:57:20 INFO  tracing is disabled for protocol BSP, to enable tracing of incoming and outgoing JSON messages create an empty file at C:\Users\alext\dotsandboxes-main\.metals\bsp.trace.json or C:\Users\alext\AppData\Local\scalameta\metals\cache\bsp.trace.json
2023.10.24 07:57:20 INFO  Attempting to connect to the build server...
2023.10.24 07:57:20 INFO  Bloop uses C:\jdk-17.0.1 defined at C:\Users\alext\.bloop\bloop.json
2023.10.24 07:57:20 INFO  tracing is disabled for protocol BSP, to enable tracing of incoming and outgoing JSON messages create an empty file at C:\Users\alext\dotsandboxes-main\project\.metals\bsp.trace.json or C:\Users\alext\AppData\Local\scalameta\metals\cache\bsp.trace.json
2023.10.24 07:57:20 INFO  time: Connected to build server in 15s
2023.10.24 07:57:20 INFO  Connected to Build server: Bloop v1.5.11
2023.10.24 07:57:21 INFO  time: Imported build in 0.36s
2023.10.24 07:57:22 INFO  time: code lens generation in 16s
2023.10.24 07:57:28 INFO  Shutting down server
2023.10.24 07:57:28 INFO  shutting down Metals
2023.10.24 07:57:28 INFO  Shut down connection with build server.
2023.10.24 07:57:28 INFO  Shut down connection with build server.
2023.10.24 07:57:28 INFO  Exiting server
2023.10.24 07:57:40 INFO  Started: Metals version 1.1.0 in folders 'C:\Users\alext\dotsandboxes-main, C:\Users\alext\dotsandboxes-webapp' for client Visual Studio Code 1.83.1.
2023.10.24 07:57:43 WARN  Build server is not auto-connectable.
2023.10.24 07:57:43 INFO  Attempting to connect to the build server...
2023.10.24 07:57:43 WARN  no build target for: C:\Users\alext\dotsandboxes-webapp\app\controllers\HomeController.scala
2023.10.24 07:57:43 INFO  skipping build import with status 'Dismissed'
2023.10.24 07:57:43 INFO  skipping build import with status 'Installed'
2023.10.24 07:57:43 INFO  Bloop uses C:\jdk-17.0.1 defined at C:\Users\alext\.bloop\bloop.json
2023.10.24 07:57:45 INFO  tracing is disabled for protocol BSP, to enable tracing of incoming and outgoing JSON messages create an empty file at C:\Users\alext\dotsandboxes-main\.metals\bsp.trace.json or C:\Users\alext\AppData\Local\scalameta\metals\cache\bsp.trace.json
2023.10.24 07:57:45 INFO  Attempting to connect to the build server...
2023.10.24 07:57:45 INFO  Bloop uses C:\jdk-17.0.1 defined at C:\Users\alext\.bloop\bloop.json
2023.10.24 07:57:45 INFO  tracing is disabled for protocol BSP, to enable tracing of incoming and outgoing JSON messages create an empty file at C:\Users\alext\dotsandboxes-main\project\.metals\bsp.trace.json or C:\Users\alext\AppData\Local\scalameta\metals\cache\bsp.trace.json
2023.10.24 07:57:45 INFO  time: Connected to build server in 2.81s
2023.10.24 07:57:45 INFO  Connected to Build server: Bloop v1.5.11
2023.10.24 07:57:46 INFO  time: Imported build in 0.24s
2023.10.24 07:57:52 INFO  no build target found for C:\Users\alext\dotsandboxes-webapp\app\controllers\HomeController.scala. Using presentation compiler with project's scala-library version: 3.3.1
2023.10.24 07:57:58 INFO  time: code lens generation in 10s
2023.10.24 07:58:03 INFO  time: indexed workspace in 16s
2023.10.24 07:58:03 WARN  no build target for: C:\Users\alext\dotsandboxes-webapp\app\controllers\HomeController.scala
Okt. 24, 2023 9:46:09 AM org.eclipse.lsp4j.jsonrpc.RemoteEndpoint handleCancellation
WARNING: Unmatched cancel notification for request id 26
Okt. 24, 2023 10:00:02 AM org.eclipse.lsp4j.jsonrpc.services.GenericEndpoint notify
INFO: Unsupported notification method: $/setTrace
2023.10.24 10:03:57 INFO  Shutting down server
2023.10.24 10:03:57 INFO  shutting down Metals
2023.10.24 10:03:57 ERROR build shutdown: bloop
java.util.concurrent.ExecutionException: org.eclipse.lsp4j.jsonrpc.JsonRpcException: java.io.IOException: Connection reset by peer
	at java.util.concurrent.CompletableFuture.reportGet(CompletableFuture.java:396)
	at java.util.concurrent.CompletableFuture.get(CompletableFuture.java:2096)
	at scala.meta.internal.metals.BuildServerConnection.$anonfun$shutdown$1(BuildServerConnection.scala:134)
	at scala.meta.internal.metals.BuildServerConnection.$anonfun$shutdown$1$adapted(BuildServerConnection.scala:131)
	at scala.concurrent.impl.Promise$Transformation.run(Promise.scala:467)
	at java.util.concurrent.ThreadPoolExecutor.runWorker(ThreadPoolExecutor.java:1136)
	at java.util.concurrent.ThreadPoolExecutor$Worker.run(ThreadPoolExecutor.java:635)
	at java.lang.Thread.run(Thread.java:833)
Caused by: org.eclipse.lsp4j.jsonrpc.JsonRpcException: java.io.IOException: Connection reset by peer
	at org.eclipse.lsp4j.jsonrpc.json.StreamMessageConsumer.consume(StreamMessageConsumer.java:72)
	at org.eclipse.lsp4j.jsonrpc.RemoteEndpoint.request(RemoteEndpoint.java:161)
	at org.eclipse.lsp4j.jsonrpc.services.EndpointProxy.invoke(EndpointProxy.java:91)
	at jdk.proxy2.$Proxy10.buildShutdown(null)
	at scala.meta.internal.metals.BuildServerConnection.$anonfun$shutdown$1(BuildServerConnection.scala:134)
	at scala.meta.internal.metals.BuildServerConnection.$anonfun$shutdown$1$adapted(BuildServerConnection.scala:131)
	at scala.concurrent.impl.Promise$Transformation.run(Promise.scala:467)
	at java.util.concurrent.ThreadPoolExecutor.runWorker(ThreadPoolExecutor.java:1136)
	at java.util.concurrent.ThreadPoolExecutor$Worker.run(ThreadPoolExecutor.java:635)
	at java.lang.Thread.run(Thread.java:833)
Caused by: java.io.IOException: Connection reset by peer
	at sun.nio.ch.SocketDispatcher.write0(Native Method)
	at sun.nio.ch.SocketDispatcher.write(SocketDispatcher.java:54)
	at sun.nio.ch.IOUtil.writeFromNativeBuffer(IOUtil.java:132)
	at sun.nio.ch.IOUtil.write(IOUtil.java:97)
	at sun.nio.ch.IOUtil.write(IOUtil.java:53)
	at sun.nio.ch.SocketChannelImpl.write(SocketChannelImpl.java:532)
	at sun.nio.ch.SinkChannelImpl.write(SinkChannelImpl.java:123)
	at java.nio.channels.Channels.writeFullyImpl(Channels.java:74)
	at java.nio.channels.Channels.writeFully(Channels.java:93)
	at java.nio.channels.Channels$1.write(Channels.java:171)
	at java.io.OutputStream.write(OutputStream.java:127)
	at java.nio.channels.Channels$1.write(Channels.java:151)
	at scala.meta.internal.metals.ClosableOutputStream.write(ClosableOutputStream.scala:26)
	at java.io.FilterOutputStream.write(FilterOutputStream.java:137)
	at java.io.FilterOutputStream.write(FilterOutputStream.java:108)
	at org.eclipse.lsp4j.jsonrpc.json.StreamMessageConsumer.consume(StreamMessageConsumer.java:68)
	at org.eclipse.lsp4j.jsonrpc.RemoteEndpoint.request(RemoteEndpoint.java:161)
	at org.eclipse.lsp4j.jsonrpc.services.EndpointProxy.invoke(EndpointProxy.java:91)
	at jdk.proxy2.$Proxy10.buildShutdown(null)
	at scala.meta.internal.metals.BuildServerConnection.$anonfun$shutdown$1(BuildServerConnection.scala:134)
	at scala.meta.internal.metals.BuildServerConnection.$anonfun$shutdown$1$adapted(BuildServerConnection.scala:131)
	at scala.concurrent.impl.Promise$Transformation.run(Promise.scala:467)
	at java.util.concurrent.ThreadPoolExecutor.runWorker(ThreadPoolExecutor.java:1136)
	at java.util.concurrent.ThreadPoolExecutor$Worker.run(ThreadPoolExecutor.java:635)
	at java.lang.Thread.run(Thread.java:833)

2023.10.24 10:03:57 ERROR build shutdown: bloop
java.util.concurrent.ExecutionException: org.eclipse.lsp4j.jsonrpc.JsonRpcException: java.io.IOException: Connection reset by peer
	at java.util.concurrent.CompletableFuture.reportGet(CompletableFuture.java:396)
	at java.util.concurrent.CompletableFuture.get(CompletableFuture.java:2096)
	at scala.meta.internal.metals.BuildServerConnection.$anonfun$shutdown$1(BuildServerConnection.scala:134)
	at scala.meta.internal.metals.BuildServerConnection.$anonfun$shutdown$1$adapted(BuildServerConnection.scala:131)
	at scala.concurrent.impl.Promise$Transformation.run(Promise.scala:467)
	at java.util.concurrent.ThreadPoolExecutor.runWorker(ThreadPoolExecutor.java:1136)
	at java.util.concurrent.ThreadPoolExecutor$Worker.run(ThreadPoolExecutor.java:635)
	at java.lang.Thread.run(Thread.java:833)
Caused by: org.eclipse.lsp4j.jsonrpc.JsonRpcException: java.io.IOException: Connection reset by peer
	at org.eclipse.lsp4j.jsonrpc.json.StreamMessageConsumer.consume(StreamMessageConsumer.java:72)
	at scala.meta.internal.metals.RequestMonitorImpl$$anon$1.consume(ServerLivenessMonitor.scala:41)
	at org.eclipse.lsp4j.jsonrpc.RemoteEndpoint.request(RemoteEndpoint.java:161)
	at org.eclipse.lsp4j.jsonrpc.services.EndpointProxy.invoke(EndpointProxy.java:91)
	at jdk.proxy2.$Proxy10.buildShutdown(null)
	at scala.meta.internal.metals.BuildServerConnection.$anonfun$shutdown$1(BuildServerConnection.scala:134)
	at scala.meta.internal.metals.BuildServerConnection.$anonfun$shutdown$1$adapted(BuildServerConnection.scala:131)
	at scala.concurrent.impl.Promise$Transformation.run(Promise.scala:467)
	at java.util.concurrent.ThreadPoolExecutor.runWorker(ThreadPoolExecutor.java:1136)
	at java.util.concurrent.ThreadPoolExecutor$Worker.run(ThreadPoolExecutor.java:635)
	at java.lang.Thread.run(Thread.java:833)
Caused by: java.io.IOException: Connection reset by peer
	at sun.nio.ch.SocketDispatcher.write0(Native Method)
	at sun.nio.ch.SocketDispatcher.write(SocketDispatcher.java:54)
	at sun.nio.ch.IOUtil.writeFromNativeBuffer(IOUtil.java:132)
	at sun.nio.ch.IOUtil.write(IOUtil.java:97)
	at sun.nio.ch.IOUtil.write(IOUtil.java:53)
	at sun.nio.ch.SocketChannelImpl.write(SocketChannelImpl.java:532)
	at sun.nio.ch.SinkChannelImpl.write(SinkChannelImpl.java:123)
	at java.nio.channels.Channels.writeFullyImpl(Channels.java:74)
	at java.nio.channels.Channels.writeFully(Channels.java:93)
	at java.nio.channels.Channels$1.write(Channels.java:171)
	at java.io.OutputStream.write(OutputStream.java:127)
	at java.nio.channels.Channels$1.write(Channels.java:151)
	at scala.meta.internal.metals.ClosableOutputStream.write(ClosableOutputStream.scala:26)
	at java.io.FilterOutputStream.write(FilterOutputStream.java:137)
	at java.io.FilterOutputStream.write(FilterOutputStream.java:108)
	at org.eclipse.lsp4j.jsonrpc.json.StreamMessageConsumer.consume(StreamMessageConsumer.java:68)
	at scala.meta.internal.metals.RequestMonitorImpl$$anon$1.consume(ServerLivenessMonitor.scala:41)
	at org.eclipse.lsp4j.jsonrpc.RemoteEndpoint.request(RemoteEndpoint.java:161)
	at org.eclipse.lsp4j.jsonrpc.services.EndpointProxy.invoke(EndpointProxy.java:91)
	at jdk.proxy2.$Proxy10.buildShutdown(null)
	at scala.meta.internal.metals.BuildServerConnection.$anonfun$shutdown$1(BuildServerConnection.scala:134)
	at scala.meta.internal.metals.BuildServerConnection.$anonfun$shutdown$1$adapted(BuildServerConnection.scala:131)
	at scala.concurrent.impl.Promise$Transformation.run(Promise.scala:467)
	at java.util.concurrent.ThreadPoolExecutor.runWorker(ThreadPoolExecutor.java:1136)
	at java.util.concurrent.ThreadPoolExecutor$Worker.run(ThreadPoolExecutor.java:635)
	at java.lang.Thread.run(Thread.java:833)

2023.10.24 10:03:57 INFO  Exiting server
2023.10.24 13:35:30 INFO  Started: Metals version 1.1.0 in folders 'C:\Users\alext\dotsandboxes-main, C:\Users\alext\dotsandboxes-webapp' for client Visual Studio Code 1.83.1.
2023.10.24 13:35:34 WARN  Build server is not auto-connectable.
2023.10.24 13:35:34 INFO  Attempting to connect to the build server...
2023.10.24 13:35:34 INFO  Bloop uses C:\jdk-17.0.1 defined at C:\Users\alext\.bloop\bloop.json
2023.10.24 13:35:35 INFO  skipping build import with status 'Installed'
2023.10.24 13:35:41 INFO  tracing is disabled for protocol BSP, to enable tracing of incoming and outgoing JSON messages create an empty file at C:\Users\alext\dotsandboxes-main\.metals\bsp.trace.json or C:\Users\alext\AppData\Local\scalameta\metals\cache\bsp.trace.json
2023.10.24 13:35:41 INFO  Attempting to connect to the build server...
2023.10.24 13:35:41 INFO  Bloop uses C:\jdk-17.0.1 defined at C:\Users\alext\.bloop\bloop.json
2023.10.24 13:35:41 INFO  tracing is disabled for protocol BSP, to enable tracing of incoming and outgoing JSON messages create an empty file at C:\Users\alext\dotsandboxes-main\project\.metals\bsp.trace.json or C:\Users\alext\AppData\Local\scalameta\metals\cache\bsp.trace.json
2023.10.24 13:35:41 INFO  time: Connected to build server in 7.33s
2023.10.24 13:35:41 INFO  Connected to Build server: Bloop v1.5.11
2023.10.24 13:35:41 INFO  time: Imported build in 0.32s
2023.10.24 13:35:49 INFO  time: indexed workspace in 7.7s
2023.10.24 13:35:49 WARN  no build target for: C:\Users\alext\dotsandboxes-main\dotsandboxes\src\main\scala\de\htwg\se\dotsandboxes\DotsAndBoxes.scala
2023.10.24 13:35:50 WARN  no build target for: C:\Users\alext\dotsandboxes-main\dotsandboxes\src\main\scala\de\htwg\se\dotsandboxes\DotsAndBoxes.scala
2023.10.24 13:35:57 WARN  no build target for: C:\Users\alext\dotsandboxes-main\dotsandboxes\src\main\scala\de\htwg\se\dotsandboxes\Default.scala
Okt. 24, 2023 1:35:58 PM scala.meta.internal.pc.CompilerAccess handleError
SEVERE: A severe compiler error occurred, full details of the error can be found in the error report C:\Users\alext\dotsandboxes-main\.metals\.reports\metals-full\2023-10-24\r_compiler-error_13-35-58-528.md
2023.10.24 13:35:58 INFO  time: code lens generation in 1.25s
Okt. 24, 2023 1:35:58 PM scala.meta.internal.pc.CompilerAccess handleError
SEVERE: A severe compiler error occurred, full details of the error can be found in the error report C:\Users\alext\dotsandboxes-main\.metals\.reports\metals-full\2023-10-24\r_compiler-error_13-35-58-910.md
Okt. 24, 2023 1:35:59 PM scala.meta.internal.pc.CompilerAccess handleError
SEVERE: A severe compiler error occurred, full details of the error can be found in the error report C:\Users\alext\dotsandboxes-main\.metals\.reports\metals-full\2023-10-24\r_compiler-error_13-35-59-431.md
2023.10.24 13:35:59 INFO  time: code lens generation in 9.06s
Okt. 24, 2023 1:35:59 PM scala.meta.internal.pc.CompilerAccess handleError
SEVERE: A severe compiler error occurred, full details of the error can be found in the error report C:\Users\alext\dotsandboxes-main\.metals\.reports\metals-full\2023-10-24\r_compiler-error_13-35-59-623.md
2023.10.24 13:35:59 INFO  time: code lens generation in 9.23s
Okt. 24, 2023 1:35:59 PM scala.meta.internal.pc.CompilerAccess handleError
SEVERE: A severe compiler error occurred, full details of the error can be found in the error report C:\Users\alext\dotsandboxes-main\.metals\.reports\metals-full\2023-10-24\r_compiler-error_13-35-59-785.md
2023.10.24 13:36:21 WARN  no build target for: C:\Users\alext\dotsandboxes-main\dotsandboxes\build.sbt
2023.10.24 13:36:23 INFO  time: code lens generation in 1.06s
Okt. 24, 2023 1:36:26 PM scala.meta.internal.pc.CompilerAccess handleError
SEVERE: A severe compiler error occurred, full details of the error can be found in the error report C:\Users\alext\dotsandboxes-main\.metals\.reports\metals-full\2023-10-24\r_compiler-error_13-36-26-383.md
2023.10.24 13:36:26 WARN  no build target for: C:\Users\alext\dotsandboxes-main\dotsandboxes\src\main\scala\de\htwg\se\dotsandboxes\Default.scala
Okt. 24, 2023 1:36:26 PM scala.meta.internal.pc.CompilerAccess handleError
SEVERE: A severe compiler error occurred, full details of the error can be found in the error report C:\Users\alext\dotsandboxes-main\.metals\.reports\metals-full\2023-10-24\r_compiler-error_13-36-26-874.md
2023.10.24 13:41:31 WARN  no build target for: C:\Users\alext\dotsandboxes-main\dotsandboxes\src\main\scala\de\htwg\se\dotsandboxes\aview\GUI.scala
Okt. 24, 2023 1:41:32 PM scala.meta.internal.pc.CompilerAccess handleError
SEVERE: A severe compiler error occurred, full details of the error can be found in the error report C:\Users\alext\dotsandboxes-main\.metals\.reports\metals-full\2023-10-24\r_compiler-error_13-41-32-282.md
Okt. 24, 2023 1:41:32 PM scala.meta.internal.pc.CompilerAccess handleError
SEVERE: A severe compiler error occurred, full details of the error can be found in the error report C:\Users\alext\dotsandboxes-main\.metals\.reports\metals-full\2023-10-24\r_compiler-error_13-41-32-614.md
Okt. 24, 2023 1:43:31 PM org.eclipse.lsp4j.jsonrpc.services.GenericEndpoint notify
INFO: Unsupported notification method: $/setTrace
Okt. 24, 2023 1:43:32 PM org.eclipse.lsp4j.jsonrpc.services.GenericEndpoint notify
INFO: Unsupported notification method: $/setTrace
Okt. 24, 2023 1:45:08 PM scala.meta.internal.pc.CompilerAccess handleError
SEVERE: A severe compiler error occurred, full details of the error can be found in the error report C:\Users\alext\dotsandboxes-main\.metals\.reports\metals-full\2023-10-24\r_compiler-error_13-45-08-175.md
2023.10.24 13:45:08 WARN  no build target for: C:\Users\alext\dotsandboxes-main\dotsandboxes\src\main\scala\de\htwg\se\dotsandboxes\Default.scala
Okt. 24, 2023 1:45:08 PM scala.meta.internal.pc.CompilerAccess handleError
SEVERE: A severe compiler error occurred, full details of the error can be found in the error report C:\Users\alext\dotsandboxes-main\.metals\.reports\metals-full\2023-10-24\r_compiler-error_13-45-08-566.md
2023.10.24 13:45:55 INFO  Shutting down server
2023.10.24 13:45:55 INFO  shutting down Metals
2023.10.24 13:45:55 INFO  Shut down connection with build server.
2023.10.24 13:45:55 INFO  Shut down connection with build server.
2023.10.24 13:45:55 INFO  Exiting server
2023.10.29 11:52:23 INFO  Started: Metals version 1.1.0 in folders 'C:\Users\alext\dotsandboxes-main, C:\Users\alext\dotsandboxes-webapp' for client Visual Studio Code 1.83.1.
2023.10.29 11:52:26 INFO  Attempting to connect to the build server...
2023.10.29 11:52:27 WARN  Build server is not auto-connectable.
2023.10.29 11:52:26 INFO  Bloop uses C:\jdk-17.0.1 defined at C:\Users\alext\.bloop\bloop.json
2023.10.29 11:52:27 WARN  no build target for: C:\Users\alext\dotsandboxes-webapp\app\controllers\HomeController.scala
2023.10.29 11:52:27 INFO  skipping build import with status 'Installed'
2023.10.29 11:52:38 INFO  no build target found for C:\Users\alext\dotsandboxes-webapp\app\controllers\HomeController.scala. Using presentation compiler with project's scala-library version: 3.3.1
2023.10.29 11:52:42 INFO  tracing is disabled for protocol BSP, to enable tracing of incoming and outgoing JSON messages create an empty file at C:\Users\alext\dotsandboxes-main\.metals\bsp.trace.json or C:\Users\alext\AppData\Local\scalameta\metals\cache\bsp.trace.json
2023.10.29 11:52:42 INFO  Attempting to connect to the build server...
2023.10.29 11:52:42 INFO  Bloop uses C:\jdk-17.0.1 defined at C:\Users\alext\.bloop\bloop.json
2023.10.29 11:52:42 INFO  tracing is disabled for protocol BSP, to enable tracing of incoming and outgoing JSON messages create an empty file at C:\Users\alext\dotsandboxes-main\project\.metals\bsp.trace.json or C:\Users\alext\AppData\Local\scalameta\metals\cache\bsp.trace.json
2023.10.29 11:52:42 INFO  time: Connected to build server in 16s
2023.10.29 11:52:42 INFO  Connected to Build server: Bloop v1.5.11
2023.10.29 11:52:43 INFO  time: Imported build in 0.35s
2023.10.29 11:52:59 INFO  time: indexed workspace in 15s
2023.10.29 11:52:59 WARN  no build target for: C:\Users\alext\dotsandboxes-webapp\app\controllers\HomeController.scala
2023.10.29 11:53:56 INFO  Shutting down server
2023.10.29 11:53:56 INFO  shutting down Metals
2023.10.29 11:53:56 INFO  Shut down connection with build server.
2023.10.29 11:53:56 INFO  Shut down connection with build server.
2023.10.29 11:53:56 INFO  Exiting server
2023.10.29 11:54:08 INFO  Started: Metals version 1.1.0 in folders 'C:\Users\alext\dotsandboxes-main, C:\Users\alext\dotsandboxes-webapp' for client Visual Studio Code 1.83.1.
2023.10.29 11:54:10 INFO  Attempting to connect to the build server...
2023.10.29 11:54:10 WARN  Build server is not auto-connectable.
2023.10.29 11:54:10 INFO  Bloop uses C:\jdk-17.0.1 defined at C:\Users\alext\.bloop\bloop.json
2023.10.29 11:54:11 INFO  skipping build import with status 'Dismissed'
2023.10.29 11:54:11 INFO  skipping build import with status 'Installed'
2023.10.29 11:54:11 INFO  tracing is disabled for protocol BSP, to enable tracing of incoming and outgoing JSON messages create an empty file at C:\Users\alext\dotsandboxes-main\.metals\bsp.trace.json or C:\Users\alext\AppData\Local\scalameta\metals\cache\bsp.trace.json
2023.10.29 11:54:12 INFO  Attempting to connect to the build server...
2023.10.29 11:54:12 INFO  Bloop uses C:\jdk-17.0.1 defined at C:\Users\alext\.bloop\bloop.json
2023.10.29 11:54:12 INFO  tracing is disabled for protocol BSP, to enable tracing of incoming and outgoing JSON messages create an empty file at C:\Users\alext\dotsandboxes-main\project\.metals\bsp.trace.json or C:\Users\alext\AppData\Local\scalameta\metals\cache\bsp.trace.json
2023.10.29 11:54:12 INFO  time: Connected to build server in 2.42s
2023.10.29 11:54:12 INFO  Connected to Build server: Bloop v1.5.11
2023.10.29 11:54:12 INFO  time: Imported build in 0.18s
2023.10.29 11:54:20 INFO  time: indexed workspace in 7.28s
Okt. 29, 2023 1:29:15 PM org.eclipse.lsp4j.jsonrpc.services.GenericEndpoint notify
INFO: Unsupported notification method: $/setTrace
Okt. 29, 2023 1:29:15 PM org.eclipse.lsp4j.jsonrpc.services.GenericEndpoint notify
INFO: Unsupported notification method: $/setTrace
2023.10.29 13:30:48 WARN  no build target for: C:\Users\alext\dotsandboxes-webapp\app\controllers\HomeController.scala
2023.10.29 13:30:52 INFO  no build target found for C:\Users\alext\dotsandboxes-webapp\app\controllers\HomeController.scala. Using presentation compiler with project's scala-library version: 3.3.1
2023.10.29 13:30:57 INFO  time: code lens generation in 7.1s
